<?xml version="1.0" encoding="UTF-8"?>
<testsuites name="Teste login" time="22.408" tests="3" failures="0" errors="0">
   <testsuite name="Teste login" tests="3" failures="0" errors="0" time="22.408" skipped="0" timestamp="2021-12-29 15:57:21" hostname="Administrator - 172.16.2.60" id="Test Suites/Teste login">
      <properties>
         <property name="deviceName" value=""/>
         <property name="devicePlatform" value=""/>
         <property name="logFolder" value="C:\\Users\\Administrator\\git\\Site-SFA\\Reports\\20211229_155717\\Teste login\\20211229_155717"/>
         <property name="logFiles" value="C:\\Users\\Administrator\\git\\Site-SFA\\Reports\\20211229_155717\\Teste login\\20211229_155717\\execution0.log"/>
         <property name="attachments" value="C:\\Users\\Administrator\\git\\Site-SFA\\Reports\\20211229_155717\\Teste login\\20211229_155717\\1640804250605.png, C:\\Users\\Administrator\\git\\Site-SFA\\Reports\\20211229_155717\\Teste login\\20211229_155717\\1640804257078.png, C:\\Users\\Administrator\\git\\Site-SFA\\Reports\\20211229_155717\\Teste login\\20211229_155717\\1640804263136.png"/>
         <property name="hostName" value="Administrator - 172.16.2.60"/>
         <property name="os" value="Windows 10 64bit"/>
         <property name="katalonVersion" value="8.2.0.208"/>
         <property name="browser" value="Chrome 96.0.4664.110"/>
         <property name="hostAddress" value="172.16.2.60"/>
         <property name="sessionId" value="a870f0cd01a5aedb81932c3477953565"/>
         <property name="seleniumVersion" value="3.141.59"/>
         <property name="proxyInformation" value="ProxyInformation { proxyOption=NO_PROXY, proxyServerType=HTTP, username=, password=********, proxyServerAddress=, proxyServerPort=0, executionList=&quot;&quot;, isApplyToDesiredCapabilities=true }"/>
         <property name="platform" value="Windows 10"/>
      </properties>
      <testcase name="Test Cases/TC01- Login e senha utilizando variavel" time="9.443" classname="Test Cases/TC01- Login e senha utilizando variavel" status="PASSED">
         <system-out><![CDATA[2021-12-29 15:57:22 - [TEST_CASE][PASSED] - Test Cases/TC01- Login e senha utilizando variavel: Test Cases/TC01- Login e senha utilizando variavel

2021-12-29 15:57:22 - [TEST_STEP][PASSED] - openBrowser(""): Browser is opened with url: ''

2021-12-29 15:57:23 - [MESSAGE][INFO] - Starting 'Chrome' driver

2021-12-29 15:57:23 - [MESSAGE][INFO] - Action delay is set to 0 milliseconds

2021-12-29 15:57:26 - [MESSAGE][PASSED] - Browser is opened with url: ''

2021-12-29 15:57:26 - [TEST_STEP][PASSED] - navigateToUrl("http://172.16.1.21:7802/pt/"): Navigate to 'http://172.16.1.21:7802/pt/' successfully

2021-12-29 15:57:27 - [MESSAGE][PASSED] - Navigate to 'http://172.16.1.21:7802/pt/' successfully

2021-12-29 15:57:27 - [TEST_STEP][PASSED] - setText(findTestObject("Object Repository/Page_Dataplace - SFA/Page_Dataplace - SFA/input_Nome de usurio ou endereo de email_email (9)"), username): Text 'raul.mariano@dataplace.com.br' is set on object 'Object Repository/Page_Dataplace - SFA/Page_Dataplace - SFA/input_Nome de usurio ou endereo de email_email (9)'

2021-12-29 15:57:28 - [MESSAGE][PASSED] - Text 'raul.mariano@dataplace.com.br' is set on object 'Object Repository/Page_Dataplace - SFA/Page_Dataplace - SFA/input_Nome de usurio ou endereo de email_email (9)'

2021-12-29 15:57:28 - [TEST_STEP][PASSED] - click(findTestObject("Object Repository/Page_Dataplace - SFA/Page_Dataplace - SFA/div_Senha (1)")): Object: 'Object Repository/Page_Dataplace - SFA/Page_Dataplace - SFA/div_Senha (1)' is clicked on

2021-12-29 15:57:28 - [MESSAGE][PASSED] - Object: 'Object Repository/Page_Dataplace - SFA/Page_Dataplace - SFA/div_Senha (1)' is clicked on

2021-12-29 15:57:28 - [TEST_STEP][PASSED] - setEncryptedText(findTestObject("Object Repository/Page_Dataplace - SFA/Page_Dataplace - SFA/input_Senha_senha (9)"), password): Text ****** has been set on object 'Object Repository/Page_Dataplace - SFA/Page_Dataplace - SFA/input_Senha_senha (9)'

2021-12-29 15:57:29 - [MESSAGE][PASSED] - Text ****** has been set on object 'Object Repository/Page_Dataplace - SFA/Page_Dataplace - SFA/input_Senha_senha (9)'

2021-12-29 15:57:29 - [TEST_STEP][PASSED] - click(findTestObject("Object Repository/Page_Dataplace - SFA/Page_Dataplace - SFA/div_Login (3)")): Object: 'Object Repository/Page_Dataplace - SFA/Page_Dataplace - SFA/div_Login (3)' is clicked on

2021-12-29 15:57:29 - [MESSAGE][PASSED] - Object: 'Object Repository/Page_Dataplace - SFA/Page_Dataplace - SFA/div_Login (3)' is clicked on

2021-12-29 15:57:29 - [TEST_STEP][PASSED] - verifyElementText(findTestObject("Object Repository/Page_Dataplace - SFA/Page_Dataplace SFA/div_Mensagem (2)"), mensagem, OPTIONAL): Actual text 'Mensagem' and expected text 'Usu치rio ou Senha incorretos' of test object 'Object Repository/Page_Dataplace - SFA/Page_Dataplace SFA/div_Mensagem (2)' are NOT matched. (Root cause: com.kms.katalon.core.exception.StepFailedException: Actual text 'Mensagem' and expected text 'Usu치rio ou Senha incorretos' of test object 'Object Repository/Page_Dataplace - SFA/Page_Dataplace SFA/div_Mensagem (2)' are NOT matched.
	at com.kms.katalon.core.webui.keyword.internal.WebUIKeywordMain.stepFailed(WebUIKeywordMain.groovy:64)
	at com.kms.katalon.core.webui.keyword.builtin.VerifyElementTextKeyword$_verifyElementText_closure1.doCall(VerifyElementTextKeyword.groovy:57)
	at com.kms.katalon.core.webui.keyword.builtin.VerifyElementTextKeyword$_verifyElementText_closure1.call(VerifyElementTextKeyword.groovy)
	at com.kms.katalon.core.webui.keyword.internal.WebUIKeywordMain.runKeyword(WebUIKeywordMain.groovy:20)
	at com.kms.katalon.core.webui.keyword.builtin.VerifyElementTextKeyword.verifyElementText(VerifyElementTextKeyword.groovy:72)
	at com.kms.katalon.core.webui.keyword.builtin.VerifyElementTextKeyword.execute(VerifyElementTextKeyword.groovy:40)
	at com.kms.katalon.core.keyword.internal.KeywordExecutor.executeKeywordForPlatform(KeywordExecutor.groovy:74)
	at com.kms.katalon.core.webui.keyword.WebUiBuiltInKeywords.verifyElementText(WebUiBuiltInKeywords.groovy:4733)
	at com.kms.katalon.core.webui.keyword.WebUiBuiltInKeywords$verifyElementText$4.call(Unknown Source)
	at TC01- Login e senha utilizando variavel.run(TC01- Login e senha utilizando variavel:32)
	at com.kms.katalon.core.main.ScriptEngine.run(ScriptEngine.java:194)
	at com.kms.katalon.core.main.ScriptEngine.runScriptAsRawText(ScriptEngine.java:119)
	at com.kms.katalon.core.main.TestCaseExecutor.runScript(TestCaseExecutor.java:442)
	at com.kms.katalon.core.main.TestCaseExecutor.doExecute(TestCaseExecutor.java:433)
	at com.kms.katalon.core.main.TestCaseExecutor.processExecutionPhase(TestCaseExecutor.java:412)
	at com.kms.katalon.core.main.TestCaseExecutor.accessMainPhase(TestCaseExecutor.java:404)
	at com.kms.katalon.core.main.TestCaseExecutor.execute(TestCaseExecutor.java:281)
	at com.kms.katalon.core.main.TestSuiteExecutor.accessTestCaseMainPhase(TestSuiteExecutor.java:202)
	at com.kms.katalon.core.main.TestSuiteExecutor.accessTestSuiteMainPhase(TestSuiteExecutor.java:164)
	at com.kms.katalon.core.main.TestSuiteExecutor.execute(TestSuiteExecutor.java:105)
	at com.kms.katalon.core.main.TestCaseMain.startTestSuite(TestCaseMain.java:181)
	at com.kms.katalon.core.main.TestCaseMain$startTestSuite$0.call(Unknown Source)
	at TempTestSuite1640804237525.run(TempTestSuite1640804237525.groovy:36)
)

2021-12-29 15:57:30 - [MESSAGE][WARNING] - Actual text 'Mensagem' and expected text 'Usu치rio ou Senha incorretos' of test object 'Object Repository/Page_Dataplace - SFA/Page_Dataplace SFA/div_Mensagem (2)' are NOT matched. (Root cause: com.kms.katalon.core.exception.StepFailedException: Actual text 'Mensagem' and expected text 'Usu치rio ou Senha incorretos' of test object 'Object Repository/Page_Dataplace - SFA/Page_Dataplace SFA/div_Mensagem (2)' are NOT matched.
	at com.kms.katalon.core.webui.keyword.internal.WebUIKeywordMain.stepFailed(WebUIKeywordMain.groovy:64)
	at com.kms.katalon.core.webui.keyword.builtin.VerifyElementTextKeyword$_verifyElementText_closure1.doCall(VerifyElementTextKeyword.groovy:57)
	at com.kms.katalon.core.webui.keyword.builtin.VerifyElementTextKeyword$_verifyElementText_closure1.call(VerifyElementTextKeyword.groovy)
	at com.kms.katalon.core.webui.keyword.internal.WebUIKeywordMain.runKeyword(WebUIKeywordMain.groovy:20)
	at com.kms.katalon.core.webui.keyword.builtin.VerifyElementTextKeyword.verifyElementText(VerifyElementTextKeyword.groovy:72)
	at com.kms.katalon.core.webui.keyword.builtin.VerifyElementTextKeyword.execute(VerifyElementTextKeyword.groovy:40)
	at com.kms.katalon.core.keyword.internal.KeywordExecutor.executeKeywordForPlatform(KeywordExecutor.groovy:74)
	at com.kms.katalon.core.webui.keyword.WebUiBuiltInKeywords.verifyElementText(WebUiBuiltInKeywords.groovy:4733)
	at com.kms.katalon.core.webui.keyword.WebUiBuiltInKeywords$verifyElementText$4.call(Unknown Source)
	at TC01- Login e senha utilizando variavel.run(TC01- Login e senha utilizando variavel:32)
	at com.kms.katalon.core.main.ScriptEngine.run(ScriptEngine.java:194)
	at com.kms.katalon.core.main.ScriptEngine.runScriptAsRawText(ScriptEngine.java:119)
	at com.kms.katalon.core.main.TestCaseExecutor.runScript(TestCaseExecutor.java:442)
	at com.kms.katalon.core.main.TestCaseExecutor.doExecute(TestCaseExecutor.java:433)
	at com.kms.katalon.core.main.TestCaseExecutor.processExecutionPhase(TestCaseExecutor.java:412)
	at com.kms.katalon.core.main.TestCaseExecutor.accessMainPhase(TestCaseExecutor.java:404)
	at com.kms.katalon.core.main.TestCaseExecutor.execute(TestCaseExecutor.java:281)
	at com.kms.katalon.core.main.TestSuiteExecutor.accessTestCaseMainPhase(TestSuiteExecutor.java:202)
	at com.kms.katalon.core.main.TestSuiteExecutor.accessTestSuiteMainPhase(TestSuiteExecutor.java:164)
	at com.kms.katalon.core.main.TestSuiteExecutor.execute(TestSuiteExecutor.java:105)
	at com.kms.katalon.core.main.TestCaseMain.startTestSuite(TestCaseMain.java:181)
	at com.kms.katalon.core.main.TestCaseMain$startTestSuite$0.call(Unknown Source)
	at TempTestSuite1640804237525.run(TempTestSuite1640804237525.groovy:36)
)
[[ATTACHMENT|C:\\Users\\Administrator\\git\\Site-SFA\\Reports\\20211229_155717\\Teste login\\20211229_155717\\1640804250605.png]]

2021-12-29 15:57:30 - [TEST_STEP][PASSED] - closeBrowser(): Browser is closed

2021-12-29 15:57:31 - [MESSAGE][PASSED] - Browser is closed]]></system-out>
         <system-err><![CDATA[]]></system-err>
      </testcase>
      <testcase name="Test Cases/TC01- Login e senha utilizando variavel" time="6.278" classname="Test Cases/TC01- Login e senha utilizando variavel" status="PASSED">
         <system-out><![CDATA[2021-12-29 15:57:31 - [TEST_CASE][PASSED] - Test Cases/TC01- Login e senha utilizando variavel: Test Cases/TC01- Login e senha utilizando variavel

2021-12-29 15:57:31 - [TEST_STEP][PASSED] - openBrowser(""): Browser is opened with url: ''

2021-12-29 15:57:31 - [MESSAGE][INFO] - Starting 'Chrome' driver

2021-12-29 15:57:31 - [MESSAGE][INFO] - Action delay is set to 0 milliseconds

2021-12-29 15:57:33 - [MESSAGE][PASSED] - Browser is opened with url: ''

2021-12-29 15:57:33 - [TEST_STEP][PASSED] - navigateToUrl("http://172.16.1.21:7802/pt/"): Navigate to 'http://172.16.1.21:7802/pt/' successfully

2021-12-29 15:57:34 - [MESSAGE][PASSED] - Navigate to 'http://172.16.1.21:7802/pt/' successfully

2021-12-29 15:57:34 - [TEST_STEP][PASSED] - setText(findTestObject("Object Repository/Page_Dataplace - SFA/Page_Dataplace - SFA/input_Nome de usurio ou endereo de email_email (9)"), username): Text 'mayara.moraes@dataplace.com.br' is set on object 'Object Repository/Page_Dataplace - SFA/Page_Dataplace - SFA/input_Nome de usurio ou endereo de email_email (9)'

2021-12-29 15:57:34 - [MESSAGE][PASSED] - Text 'mayara.moraes@dataplace.com.br' is set on object 'Object Repository/Page_Dataplace - SFA/Page_Dataplace - SFA/input_Nome de usurio ou endereo de email_email (9)'

2021-12-29 15:57:34 - [TEST_STEP][PASSED] - click(findTestObject("Object Repository/Page_Dataplace - SFA/Page_Dataplace - SFA/div_Senha (1)")): Object: 'Object Repository/Page_Dataplace - SFA/Page_Dataplace - SFA/div_Senha (1)' is clicked on

2021-12-29 15:57:35 - [MESSAGE][PASSED] - Object: 'Object Repository/Page_Dataplace - SFA/Page_Dataplace - SFA/div_Senha (1)' is clicked on

2021-12-29 15:57:35 - [TEST_STEP][PASSED] - setEncryptedText(findTestObject("Object Repository/Page_Dataplace - SFA/Page_Dataplace - SFA/input_Senha_senha (9)"), password): Text ****** has been set on object 'Object Repository/Page_Dataplace - SFA/Page_Dataplace - SFA/input_Senha_senha (9)'

2021-12-29 15:57:35 - [MESSAGE][PASSED] - Text ****** has been set on object 'Object Repository/Page_Dataplace - SFA/Page_Dataplace - SFA/input_Senha_senha (9)'

2021-12-29 15:57:35 - [TEST_STEP][PASSED] - click(findTestObject("Object Repository/Page_Dataplace - SFA/Page_Dataplace - SFA/div_Login (3)")): Object: 'Object Repository/Page_Dataplace - SFA/Page_Dataplace - SFA/div_Login (3)' is clicked on

2021-12-29 15:57:36 - [MESSAGE][PASSED] - Object: 'Object Repository/Page_Dataplace - SFA/Page_Dataplace - SFA/div_Login (3)' is clicked on

2021-12-29 15:57:36 - [TEST_STEP][PASSED] - verifyElementText(findTestObject("Object Repository/Page_Dataplace - SFA/Page_Dataplace SFA/div_Mensagem (2)"), mensagem, OPTIONAL): Actual text 'Mensagem' and expected text 'Login realizado com suscesso!' of test object 'Object Repository/Page_Dataplace - SFA/Page_Dataplace SFA/div_Mensagem (2)' are NOT matched. (Root cause: com.kms.katalon.core.exception.StepFailedException: Actual text 'Mensagem' and expected text 'Login realizado com suscesso!' of test object 'Object Repository/Page_Dataplace - SFA/Page_Dataplace SFA/div_Mensagem (2)' are NOT matched.
	at com.kms.katalon.core.webui.keyword.internal.WebUIKeywordMain.stepFailed(WebUIKeywordMain.groovy:64)
	at com.kms.katalon.core.webui.keyword.builtin.VerifyElementTextKeyword$_verifyElementText_closure1.doCall(VerifyElementTextKeyword.groovy:57)
	at com.kms.katalon.core.webui.keyword.builtin.VerifyElementTextKeyword$_verifyElementText_closure1.call(VerifyElementTextKeyword.groovy)
	at com.kms.katalon.core.webui.keyword.internal.WebUIKeywordMain.runKeyword(WebUIKeywordMain.groovy:20)
	at com.kms.katalon.core.webui.keyword.builtin.VerifyElementTextKeyword.verifyElementText(VerifyElementTextKeyword.groovy:72)
	at com.kms.katalon.core.webui.keyword.builtin.VerifyElementTextKeyword.execute(VerifyElementTextKeyword.groovy:40)
	at com.kms.katalon.core.keyword.internal.KeywordExecutor.executeKeywordForPlatform(KeywordExecutor.groovy:74)
	at com.kms.katalon.core.webui.keyword.WebUiBuiltInKeywords.verifyElementText(WebUiBuiltInKeywords.groovy:4733)
	at com.kms.katalon.core.webui.keyword.WebUiBuiltInKeywords$verifyElementText$4.call(Unknown Source)
	at TC01- Login e senha utilizando variavel.run(TC01- Login e senha utilizando variavel:32)
	at com.kms.katalon.core.main.ScriptEngine.run(ScriptEngine.java:194)
	at com.kms.katalon.core.main.ScriptEngine.runScriptAsRawText(ScriptEngine.java:119)
	at com.kms.katalon.core.main.TestCaseExecutor.runScript(TestCaseExecutor.java:442)
	at com.kms.katalon.core.main.TestCaseExecutor.doExecute(TestCaseExecutor.java:433)
	at com.kms.katalon.core.main.TestCaseExecutor.processExecutionPhase(TestCaseExecutor.java:412)
	at com.kms.katalon.core.main.TestCaseExecutor.accessMainPhase(TestCaseExecutor.java:404)
	at com.kms.katalon.core.main.TestCaseExecutor.execute(TestCaseExecutor.java:281)
	at com.kms.katalon.core.main.TestSuiteExecutor.accessTestCaseMainPhase(TestSuiteExecutor.java:202)
	at com.kms.katalon.core.main.TestSuiteExecutor.accessTestSuiteMainPhase(TestSuiteExecutor.java:164)
	at com.kms.katalon.core.main.TestSuiteExecutor.execute(TestSuiteExecutor.java:105)
	at com.kms.katalon.core.main.TestCaseMain.startTestSuite(TestCaseMain.java:181)
	at com.kms.katalon.core.main.TestCaseMain$startTestSuite$0.call(Unknown Source)
	at TempTestSuite1640804237525.run(TempTestSuite1640804237525.groovy:36)
)

2021-12-29 15:57:37 - [MESSAGE][WARNING] - Actual text 'Mensagem' and expected text 'Login realizado com suscesso!' of test object 'Object Repository/Page_Dataplace - SFA/Page_Dataplace SFA/div_Mensagem (2)' are NOT matched. (Root cause: com.kms.katalon.core.exception.StepFailedException: Actual text 'Mensagem' and expected text 'Login realizado com suscesso!' of test object 'Object Repository/Page_Dataplace - SFA/Page_Dataplace SFA/div_Mensagem (2)' are NOT matched.
	at com.kms.katalon.core.webui.keyword.internal.WebUIKeywordMain.stepFailed(WebUIKeywordMain.groovy:64)
	at com.kms.katalon.core.webui.keyword.builtin.VerifyElementTextKeyword$_verifyElementText_closure1.doCall(VerifyElementTextKeyword.groovy:57)
	at com.kms.katalon.core.webui.keyword.builtin.VerifyElementTextKeyword$_verifyElementText_closure1.call(VerifyElementTextKeyword.groovy)
	at com.kms.katalon.core.webui.keyword.internal.WebUIKeywordMain.runKeyword(WebUIKeywordMain.groovy:20)
	at com.kms.katalon.core.webui.keyword.builtin.VerifyElementTextKeyword.verifyElementText(VerifyElementTextKeyword.groovy:72)
	at com.kms.katalon.core.webui.keyword.builtin.VerifyElementTextKeyword.execute(VerifyElementTextKeyword.groovy:40)
	at com.kms.katalon.core.keyword.internal.KeywordExecutor.executeKeywordForPlatform(KeywordExecutor.groovy:74)
	at com.kms.katalon.core.webui.keyword.WebUiBuiltInKeywords.verifyElementText(WebUiBuiltInKeywords.groovy:4733)
	at com.kms.katalon.core.webui.keyword.WebUiBuiltInKeywords$verifyElementText$4.call(Unknown Source)
	at TC01- Login e senha utilizando variavel.run(TC01- Login e senha utilizando variavel:32)
	at com.kms.katalon.core.main.ScriptEngine.run(ScriptEngine.java:194)
	at com.kms.katalon.core.main.ScriptEngine.runScriptAsRawText(ScriptEngine.java:119)
	at com.kms.katalon.core.main.TestCaseExecutor.runScript(TestCaseExecutor.java:442)
	at com.kms.katalon.core.main.TestCaseExecutor.doExecute(TestCaseExecutor.java:433)
	at com.kms.katalon.core.main.TestCaseExecutor.processExecutionPhase(TestCaseExecutor.java:412)
	at com.kms.katalon.core.main.TestCaseExecutor.accessMainPhase(TestCaseExecutor.java:404)
	at com.kms.katalon.core.main.TestCaseExecutor.execute(TestCaseExecutor.java:281)
	at com.kms.katalon.core.main.TestSuiteExecutor.accessTestCaseMainPhase(TestSuiteExecutor.java:202)
	at com.kms.katalon.core.main.TestSuiteExecutor.accessTestSuiteMainPhase(TestSuiteExecutor.java:164)
	at com.kms.katalon.core.main.TestSuiteExecutor.execute(TestSuiteExecutor.java:105)
	at com.kms.katalon.core.main.TestCaseMain.startTestSuite(TestCaseMain.java:181)
	at com.kms.katalon.core.main.TestCaseMain$startTestSuite$0.call(Unknown Source)
	at TempTestSuite1640804237525.run(TempTestSuite1640804237525.groovy:36)
)
[[ATTACHMENT|C:\\Users\\Administrator\\git\\Site-SFA\\Reports\\20211229_155717\\Teste login\\20211229_155717\\1640804257078.png]]

2021-12-29 15:57:37 - [TEST_STEP][PASSED] - closeBrowser(): Browser is closed

2021-12-29 15:57:37 - [MESSAGE][PASSED] - Browser is closed]]></system-out>
         <system-err><![CDATA[]]></system-err>
      </testcase>
      <testcase name="Test Cases/TC01- Login e senha utilizando variavel" time="5.956" classname="Test Cases/TC01- Login e senha utilizando variavel" status="PASSED">
         <system-out><![CDATA[2021-12-29 15:57:38 - [TEST_CASE][PASSED] - Test Cases/TC01- Login e senha utilizando variavel: Test Cases/TC01- Login e senha utilizando variavel

2021-12-29 15:57:38 - [TEST_STEP][PASSED] - openBrowser(""): Browser is opened with url: ''

2021-12-29 15:57:38 - [MESSAGE][INFO] - Starting 'Chrome' driver

2021-12-29 15:57:38 - [MESSAGE][INFO] - Action delay is set to 0 milliseconds

2021-12-29 15:57:39 - [MESSAGE][PASSED] - Browser is opened with url: ''

2021-12-29 15:57:39 - [TEST_STEP][PASSED] - navigateToUrl("http://172.16.1.21:7802/pt/"): Navigate to 'http://172.16.1.21:7802/pt/' successfully

2021-12-29 15:57:40 - [MESSAGE][PASSED] - Navigate to 'http://172.16.1.21:7802/pt/' successfully

2021-12-29 15:57:40 - [TEST_STEP][PASSED] - setText(findTestObject("Object Repository/Page_Dataplace - SFA/Page_Dataplace - SFA/input_Nome de usurio ou endereo de email_email (9)"), username): Text 'raul.mariano@dataplace.com.br' is set on object 'Object Repository/Page_Dataplace - SFA/Page_Dataplace - SFA/input_Nome de usurio ou endereo de email_email (9)'

2021-12-29 15:57:41 - [MESSAGE][PASSED] - Text 'raul.mariano@dataplace.com.br' is set on object 'Object Repository/Page_Dataplace - SFA/Page_Dataplace - SFA/input_Nome de usurio ou endereo de email_email (9)'

2021-12-29 15:57:41 - [TEST_STEP][PASSED] - click(findTestObject("Object Repository/Page_Dataplace - SFA/Page_Dataplace - SFA/div_Senha (1)")): Object: 'Object Repository/Page_Dataplace - SFA/Page_Dataplace - SFA/div_Senha (1)' is clicked on

2021-12-29 15:57:41 - [MESSAGE][PASSED] - Object: 'Object Repository/Page_Dataplace - SFA/Page_Dataplace - SFA/div_Senha (1)' is clicked on

2021-12-29 15:57:41 - [TEST_STEP][PASSED] - setEncryptedText(findTestObject("Object Repository/Page_Dataplace - SFA/Page_Dataplace - SFA/input_Senha_senha (9)"), password): Text ****** has been set on object 'Object Repository/Page_Dataplace - SFA/Page_Dataplace - SFA/input_Senha_senha (9)'

2021-12-29 15:57:42 - [MESSAGE][PASSED] - Text ****** has been set on object 'Object Repository/Page_Dataplace - SFA/Page_Dataplace - SFA/input_Senha_senha (9)'

2021-12-29 15:57:42 - [TEST_STEP][PASSED] - click(findTestObject("Object Repository/Page_Dataplace - SFA/Page_Dataplace - SFA/div_Login (3)")): Object: 'Object Repository/Page_Dataplace - SFA/Page_Dataplace - SFA/div_Login (3)' is clicked on

2021-12-29 15:57:42 - [MESSAGE][PASSED] - Object: 'Object Repository/Page_Dataplace - SFA/Page_Dataplace - SFA/div_Login (3)' is clicked on

2021-12-29 15:57:42 - [TEST_STEP][PASSED] - verifyElementText(findTestObject("Object Repository/Page_Dataplace - SFA/Page_Dataplace SFA/div_Mensagem (2)"), mensagem, OPTIONAL): Actual text 'Usu치rio ou Senha incorretos' and expected text 'Mensagem' of test object 'Object Repository/Page_Dataplace - SFA/Page_Dataplace SFA/div_Mensagem (2)' are NOT matched. (Root cause: com.kms.katalon.core.exception.StepFailedException: Actual text 'Usu치rio ou Senha incorretos' and expected text 'Mensagem' of test object 'Object Repository/Page_Dataplace - SFA/Page_Dataplace SFA/div_Mensagem (2)' are NOT matched.
	at com.kms.katalon.core.webui.keyword.internal.WebUIKeywordMain.stepFailed(WebUIKeywordMain.groovy:64)
	at com.kms.katalon.core.webui.keyword.builtin.VerifyElementTextKeyword$_verifyElementText_closure1.doCall(VerifyElementTextKeyword.groovy:57)
	at com.kms.katalon.core.webui.keyword.builtin.VerifyElementTextKeyword$_verifyElementText_closure1.call(VerifyElementTextKeyword.groovy)
	at com.kms.katalon.core.webui.keyword.internal.WebUIKeywordMain.runKeyword(WebUIKeywordMain.groovy:20)
	at com.kms.katalon.core.webui.keyword.builtin.VerifyElementTextKeyword.verifyElementText(VerifyElementTextKeyword.groovy:72)
	at com.kms.katalon.core.webui.keyword.builtin.VerifyElementTextKeyword.execute(VerifyElementTextKeyword.groovy:40)
	at com.kms.katalon.core.keyword.internal.KeywordExecutor.executeKeywordForPlatform(KeywordExecutor.groovy:74)
	at com.kms.katalon.core.webui.keyword.WebUiBuiltInKeywords.verifyElementText(WebUiBuiltInKeywords.groovy:4733)
	at com.kms.katalon.core.webui.keyword.WebUiBuiltInKeywords$verifyElementText$4.call(Unknown Source)
	at TC01- Login e senha utilizando variavel.run(TC01- Login e senha utilizando variavel:32)
	at com.kms.katalon.core.main.ScriptEngine.run(ScriptEngine.java:194)
	at com.kms.katalon.core.main.ScriptEngine.runScriptAsRawText(ScriptEngine.java:119)
	at com.kms.katalon.core.main.TestCaseExecutor.runScript(TestCaseExecutor.java:442)
	at com.kms.katalon.core.main.TestCaseExecutor.doExecute(TestCaseExecutor.java:433)
	at com.kms.katalon.core.main.TestCaseExecutor.processExecutionPhase(TestCaseExecutor.java:412)
	at com.kms.katalon.core.main.TestCaseExecutor.accessMainPhase(TestCaseExecutor.java:404)
	at com.kms.katalon.core.main.TestCaseExecutor.execute(TestCaseExecutor.java:281)
	at com.kms.katalon.core.main.TestSuiteExecutor.accessTestCaseMainPhase(TestSuiteExecutor.java:202)
	at com.kms.katalon.core.main.TestSuiteExecutor.accessTestSuiteMainPhase(TestSuiteExecutor.java:164)
	at com.kms.katalon.core.main.TestSuiteExecutor.execute(TestSuiteExecutor.java:105)
	at com.kms.katalon.core.main.TestCaseMain.startTestSuite(TestCaseMain.java:181)
	at com.kms.katalon.core.main.TestCaseMain$startTestSuite$0.call(Unknown Source)
	at TempTestSuite1640804237525.run(TempTestSuite1640804237525.groovy:36)
)

2021-12-29 15:57:43 - [MESSAGE][WARNING] - Actual text 'Usu치rio ou Senha incorretos' and expected text 'Mensagem' of test object 'Object Repository/Page_Dataplace - SFA/Page_Dataplace SFA/div_Mensagem (2)' are NOT matched. (Root cause: com.kms.katalon.core.exception.StepFailedException: Actual text 'Usu치rio ou Senha incorretos' and expected text 'Mensagem' of test object 'Object Repository/Page_Dataplace - SFA/Page_Dataplace SFA/div_Mensagem (2)' are NOT matched.
	at com.kms.katalon.core.webui.keyword.internal.WebUIKeywordMain.stepFailed(WebUIKeywordMain.groovy:64)
	at com.kms.katalon.core.webui.keyword.builtin.VerifyElementTextKeyword$_verifyElementText_closure1.doCall(VerifyElementTextKeyword.groovy:57)
	at com.kms.katalon.core.webui.keyword.builtin.VerifyElementTextKeyword$_verifyElementText_closure1.call(VerifyElementTextKeyword.groovy)
	at com.kms.katalon.core.webui.keyword.internal.WebUIKeywordMain.runKeyword(WebUIKeywordMain.groovy:20)
	at com.kms.katalon.core.webui.keyword.builtin.VerifyElementTextKeyword.verifyElementText(VerifyElementTextKeyword.groovy:72)
	at com.kms.katalon.core.webui.keyword.builtin.VerifyElementTextKeyword.execute(VerifyElementTextKeyword.groovy:40)
	at com.kms.katalon.core.keyword.internal.KeywordExecutor.executeKeywordForPlatform(KeywordExecutor.groovy:74)
	at com.kms.katalon.core.webui.keyword.WebUiBuiltInKeywords.verifyElementText(WebUiBuiltInKeywords.groovy:4733)
	at com.kms.katalon.core.webui.keyword.WebUiBuiltInKeywords$verifyElementText$4.call(Unknown Source)
	at TC01- Login e senha utilizando variavel.run(TC01- Login e senha utilizando variavel:32)
	at com.kms.katalon.core.main.ScriptEngine.run(ScriptEngine.java:194)
	at com.kms.katalon.core.main.ScriptEngine.runScriptAsRawText(ScriptEngine.java:119)
	at com.kms.katalon.core.main.TestCaseExecutor.runScript(TestCaseExecutor.java:442)
	at com.kms.katalon.core.main.TestCaseExecutor.doExecute(TestCaseExecutor.java:433)
	at com.kms.katalon.core.main.TestCaseExecutor.processExecutionPhase(TestCaseExecutor.java:412)
	at com.kms.katalon.core.main.TestCaseExecutor.accessMainPhase(TestCaseExecutor.java:404)
	at com.kms.katalon.core.main.TestCaseExecutor.execute(TestCaseExecutor.java:281)
	at com.kms.katalon.core.main.TestSuiteExecutor.accessTestCaseMainPhase(TestSuiteExecutor.java:202)
	at com.kms.katalon.core.main.TestSuiteExecutor.accessTestSuiteMainPhase(TestSuiteExecutor.java:164)
	at com.kms.katalon.core.main.TestSuiteExecutor.execute(TestSuiteExecutor.java:105)
	at com.kms.katalon.core.main.TestCaseMain.startTestSuite(TestCaseMain.java:181)
	at com.kms.katalon.core.main.TestCaseMain$startTestSuite$0.call(Unknown Source)
	at TempTestSuite1640804237525.run(TempTestSuite1640804237525.groovy:36)
)
[[ATTACHMENT|C:\\Users\\Administrator\\git\\Site-SFA\\Reports\\20211229_155717\\Teste login\\20211229_155717\\1640804263136.png]]

2021-12-29 15:57:43 - [TEST_STEP][PASSED] - closeBrowser(): Browser is closed

2021-12-29 15:57:44 - [MESSAGE][PASSED] - Browser is closed]]></system-out>
         <system-err><![CDATA[]]></system-err>
      </testcase>
      <system-out><![CDATA[2021-12-29 15:57:21 - [TEST_SUITE][PASSED] - Teste login: Test Cases/TC01- Login e senha utilizando variavel]]></system-out>
      <system-err><![CDATA[]]></system-err>
   </testsuite>
</testsuites>
