<?xml version="1.0" encoding="UTF-8"?>
<testsuites name="cpf" time="2.035" tests="3" failures="0" errors="3">
   <testsuite name="cpf" tests="3" failures="0" errors="3" time="2.035" skipped="0" timestamp="2022-01-25 15:34:54" hostname="Administrator - 172.16.2.74" id="Test Suites/cpf">
      <properties>
         <property name="deviceName" value=""/>
         <property name="devicePlatform" value=""/>
         <property name="logFolder" value="C:\\Users\\Administrator\\git\\Site-SFA\\Reports\\20220125_153451\\cpf\\20220125_153451"/>
         <property name="logFiles" value="C:\\Users\\Administrator\\git\\Site-SFA\\Reports\\20220125_153451\\cpf\\20220125_153451\\execution0.log"/>
         <property name="attachments" value=""/>
         <property name="hostName" value="Administrator - 172.16.2.74"/>
         <property name="hostAddress" value="172.16.2.74"/>
         <property name="os" value="Windows 10 64bit"/>
         <property name="katalonVersion" value="8.2.5.208"/>
      </properties>
      <testcase name="Test Cases/TC26- Validacao cpf cliente" time="0.573" classname="Test Cases/TC26- Validacao cpf cliente" status="ERROR">
         <error type="ERROR" message="Test Cases/TC26- Validacao cpf cliente FAILED.
Reason:
org.codehaus.groovy.control.MultipleCompilationErrorsException: startup failed:
General error during class generation: null. file:/C:/Users/Administrator/git/Site-SFA/Scripts/TC26-%20Validacao%20cpf%20cliente/Script1643133493316.groovy

groovy.lang.GroovyRuntimeException: null. file:/C:/Users/Administrator/git/Site-SFA/Scripts/TC26-%20Validacao%20cpf%20cliente/Script1643133493316.groovy
	at org.codehaus.groovy.classgen.asm.BinaryExpressionHelper.eval(BinaryExpressionHelper.java:302)
	at org.codehaus.groovy.classgen.AsmClassGenerator.visitBinaryExpression(AsmClassGenerator.java:685)
	at org.codehaus.groovy.ast.expr.BinaryExpression.visit(BinaryExpression.java:51)
	at org.codehaus.groovy.classgen.asm.BinaryExpressionHelper.evaluateLogicalOrExpression(BinaryExpressionHelper.java:548)
	at org.codehaus.groovy.classgen.asm.BinaryExpressionHelper.eval(BinaryExpressionHelper.java:165)
	at org.codehaus.groovy.classgen.AsmClassGenerator.visitBinaryExpression(AsmClassGenerator.java:685)
	at org.codehaus.groovy.ast.expr.BinaryExpression.visit(BinaryExpression.java:51)
	at org.codehaus.groovy.classgen.AsmClassGenerator.visitBooleanExpression(AsmClassGenerator.java:807)
	at org.codehaus.groovy.ast.expr.BooleanExpression.visit(BooleanExpression.java:42)
	at org.codehaus.groovy.classgen.asm.StatementWriter.writeIfElse(StatementWriter.java:299)
	at org.codehaus.groovy.classgen.asm.OptimizingStatementWriter.writeIfElse(OptimizingStatementWriter.java:323)
	at org.codehaus.groovy.classgen.AsmClassGenerator.visitIfElse(AsmClassGenerator.java:629)
	at org.codehaus.groovy.ast.stmt.IfStatement.visit(IfStatement.java:43)
	at org.codehaus.groovy.classgen.asm.StatementWriter.writeBlockStatement(StatementWriter.java:93)
	at org.codehaus.groovy.classgen.asm.OptimizingStatementWriter.writeBlockStatement(OptimizingStatementWriter.java:205)
	at org.codehaus.groovy.classgen.AsmClassGenerator.visitBlockStatement(AsmClassGenerator.java:613)
	at org.codehaus.groovy.ast.stmt.BlockStatement.visit(BlockStatement.java:71)
	at org.codehaus.groovy.ast.ClassCodeVisitorSupport.visitClassCodeContainer(ClassCodeVisitorSupport.java:104)
	at org.codehaus.groovy.ast.ClassCodeVisitorSupport.visitConstructorOrMethod(ClassCodeVisitorSupport.java:115)
	at org.codehaus.groovy.classgen.AsmClassGenerator.visitStdMethod(AsmClassGenerator.java:477)
	at org.codehaus.groovy.classgen.AsmClassGenerator.visitConstructorOrMethod(AsmClassGenerator.java:413)
	at org.codehaus.groovy.ast.ClassCodeVisitorSupport.visitMethod(ClassCodeVisitorSupport.java:126)
	at org.codehaus.groovy.classgen.AsmClassGenerator.visitMethod(AsmClassGenerator.java:554)
	at org.codehaus.groovy.ast.ClassNode.visitContents(ClassNode.java:1081)
	at org.codehaus.groovy.ast.ClassCodeVisitorSupport.visitClass(ClassCodeVisitorSupport.java:53)
	at org.codehaus.groovy.classgen.AsmClassGenerator.visitClass(AsmClassGenerator.java:259)
	at org.codehaus.groovy.control.CompilationUnit$17.call(CompilationUnit.java:848)
	at org.codehaus.groovy.control.CompilationUnit.applyToPrimaryClassNodes(CompilationUnit.java:1087)
	at org.codehaus.groovy.control.CompilationUnit.doPhaseOperation(CompilationUnit.java:624)
	at org.codehaus.groovy.control.CompilationUnit.processPhaseOperations(CompilationUnit.java:602)
	at org.codehaus.groovy.control.CompilationUnit.compile(CompilationUnit.java:579)
	at groovy.lang.GroovyClassLoader.doParseClass(GroovyClassLoader.java:323)
	at groovy.lang.GroovyClassLoader.parseClass(GroovyClassLoader.java:293)
	at com.kms.katalon.core.main.ScriptEngine.getScript(ScriptEngine.java:199)
	at com.kms.katalon.core.main.ScriptEngine.run(ScriptEngine.java:194)
	at com.kms.katalon.core.main.ScriptEngine.runScriptAsRawText(ScriptEngine.java:119)
	at com.kms.katalon.core.main.TestCaseExecutor.runScript(TestCaseExecutor.java:442)
	at com.kms.katalon.core.main.TestCaseExecutor.doExecute(TestCaseExecutor.java:433)
	at com.kms.katalon.core.main.TestCaseExecutor.processExecutionPhase(TestCaseExecutor.java:412)
	at com.kms.katalon.core.main.TestCaseExecutor.accessMainPhase(TestCaseExecutor.java:404)
	at com.kms.katalon.core.main.TestCaseExecutor.execute(TestCaseExecutor.java:281)
	at com.kms.katalon.core.main.TestSuiteExecutor.accessTestCaseMainPhase(TestSuiteExecutor.java:202)
	at com.kms.katalon.core.main.TestSuiteExecutor.accessTestSuiteMainPhase(TestSuiteExecutor.java:164)
	at com.kms.katalon.core.main.TestSuiteExecutor.execute(TestSuiteExecutor.java:105)
	at com.kms.katalon.core.main.TestCaseMain.startTestSuite(TestCaseMain.java:185)
	at com.kms.katalon.core.main.TestCaseMain$startTestSuite$0.call(Unknown Source)
	at org.codehaus.groovy.runtime.callsite.CallSiteArray.defaultCall(CallSiteArray.java:47)
	at org.codehaus.groovy.runtime.callsite.AbstractCallSite.call(AbstractCallSite.java:116)
	at org.codehaus.groovy.runtime.callsite.AbstractCallSite.call(AbstractCallSite.java:144)
	at TempTestSuite1643135691764.run(TempTestSuite1643135691764.groovy:36)
	at groovy.lang.GroovyShell.runScriptOrMainOrTestOrRunnable(GroovyShell.java:263)
	at groovy.lang.GroovyShell.run(GroovyShell.java:507)
	at groovy.lang.GroovyShell.run(GroovyShell.java:496)
	at groovy.ui.GroovyMain.processOnce(GroovyMain.java:597)
	at groovy.ui.GroovyMain.run(GroovyMain.java:329)
	at groovy.ui.GroovyMain.process(GroovyMain.java:315)
	at groovy.ui.GroovyMain.processArgs(GroovyMain.java:134)
	at groovy.ui.GroovyMain.main(GroovyMain.java:114)
	at sun.reflect.NativeMethodAccessorImpl.invoke0(Native Method)
	at sun.reflect.NativeMethodAccessorImpl.invoke(NativeMethodAccessorImpl.java:62)
	at sun.reflect.DelegatingMethodAccessorImpl.invoke(DelegatingMethodAccessorImpl.java:43)
	at java.lang.reflect.Method.invoke(Method.java:498)
	at org.codehaus.groovy.tools.GroovyStarter.rootLoader(GroovyStarter.java:116)
	at org.codehaus.groovy.tools.GroovyStarter.main(GroovyStarter.java:138)
Caused by: org.codehaus.groovy.syntax.SyntaxException: Operator (&quot;!==&quot; at 54:16:  &quot;!==&quot; ) not supported @ line 54, column 16.
	at org.codehaus.groovy.classgen.asm.BinaryExpressionHelper.eval(BinaryExpressionHelper.java:301)
	... 63 more

1 error

	at com.kms.katalon.core.main.ScriptEngine.getScript(ScriptEngine.java:199)
	at com.kms.katalon.core.main.ScriptEngine.run(ScriptEngine.java:194)
	at com.kms.katalon.core.main.ScriptEngine.runScriptAsRawText(ScriptEngine.java:119)
	at com.kms.katalon.core.main.TestCaseExecutor.runScript(TestCaseExecutor.java:442)
	at com.kms.katalon.core.main.TestCaseExecutor.doExecute(TestCaseExecutor.java:433)
	at com.kms.katalon.core.main.TestCaseExecutor.processExecutionPhase(TestCaseExecutor.java:412)
	at com.kms.katalon.core.main.TestCaseExecutor.accessMainPhase(TestCaseExecutor.java:404)
	at com.kms.katalon.core.main.TestCaseExecutor.execute(TestCaseExecutor.java:281)
	at com.kms.katalon.core.main.TestSuiteExecutor.accessTestCaseMainPhase(TestSuiteExecutor.java:202)
	at com.kms.katalon.core.main.TestSuiteExecutor.accessTestSuiteMainPhase(TestSuiteExecutor.java:164)
	at com.kms.katalon.core.main.TestSuiteExecutor.execute(TestSuiteExecutor.java:105)
	at com.kms.katalon.core.main.TestCaseMain.startTestSuite(TestCaseMain.java:185)
	at com.kms.katalon.core.main.TestCaseMain$startTestSuite$0.call(Unknown Source)
	at TempTestSuite1643135691764.run(TempTestSuite1643135691764.groovy:36)
"/>
         <system-out><![CDATA[2022-01-25 15:34:55 - [TEST_CASE][ERROR] - Test Cases/TC26- Validacao cpf cliente: Test Cases/TC26- Validacao cpf cliente FAILED.
Reason:
org.codehaus.groovy.control.MultipleCompilationErrorsException: startup failed:
General error during class generation: null. file:/C:/Users/Administrator/git/Site-SFA/Scripts/TC26-%20Validacao%20cpf%20cliente/Script1643133493316.groovy

groovy.lang.GroovyRuntimeException: null. file:/C:/Users/Administrator/git/Site-SFA/Scripts/TC26-%20Validacao%20cpf%20cliente/Script1643133493316.groovy
	at org.codehaus.groovy.classgen.asm.BinaryExpressionHelper.eval(BinaryExpressionHelper.java:302)
	at org.codehaus.groovy.classgen.AsmClassGenerator.visitBinaryExpression(AsmClassGenerator.java:685)
	at org.codehaus.groovy.ast.expr.BinaryExpression.visit(BinaryExpression.java:51)
	at org.codehaus.groovy.classgen.asm.BinaryExpressionHelper.evaluateLogicalOrExpression(BinaryExpressionHelper.java:548)
	at org.codehaus.groovy.classgen.asm.BinaryExpressionHelper.eval(BinaryExpressionHelper.java:165)
	at org.codehaus.groovy.classgen.AsmClassGenerator.visitBinaryExpression(AsmClassGenerator.java:685)
	at org.codehaus.groovy.ast.expr.BinaryExpression.visit(BinaryExpression.java:51)
	at org.codehaus.groovy.classgen.AsmClassGenerator.visitBooleanExpression(AsmClassGenerator.java:807)
	at org.codehaus.groovy.ast.expr.BooleanExpression.visit(BooleanExpression.java:42)
	at org.codehaus.groovy.classgen.asm.StatementWriter.writeIfElse(StatementWriter.java:299)
	at org.codehaus.groovy.classgen.asm.OptimizingStatementWriter.writeIfElse(OptimizingStatementWriter.java:323)
	at org.codehaus.groovy.classgen.AsmClassGenerator.visitIfElse(AsmClassGenerator.java:629)
	at org.codehaus.groovy.ast.stmt.IfStatement.visit(IfStatement.java:43)
	at org.codehaus.groovy.classgen.asm.StatementWriter.writeBlockStatement(StatementWriter.java:93)
	at org.codehaus.groovy.classgen.asm.OptimizingStatementWriter.writeBlockStatement(OptimizingStatementWriter.java:205)
	at org.codehaus.groovy.classgen.AsmClassGenerator.visitBlockStatement(AsmClassGenerator.java:613)
	at org.codehaus.groovy.ast.stmt.BlockStatement.visit(BlockStatement.java:71)
	at org.codehaus.groovy.ast.ClassCodeVisitorSupport.visitClassCodeContainer(ClassCodeVisitorSupport.java:104)
	at org.codehaus.groovy.ast.ClassCodeVisitorSupport.visitConstructorOrMethod(ClassCodeVisitorSupport.java:115)
	at org.codehaus.groovy.classgen.AsmClassGenerator.visitStdMethod(AsmClassGenerator.java:477)
	at org.codehaus.groovy.classgen.AsmClassGenerator.visitConstructorOrMethod(AsmClassGenerator.java:413)
	at org.codehaus.groovy.ast.ClassCodeVisitorSupport.visitMethod(ClassCodeVisitorSupport.java:126)
	at org.codehaus.groovy.classgen.AsmClassGenerator.visitMethod(AsmClassGenerator.java:554)
	at org.codehaus.groovy.ast.ClassNode.visitContents(ClassNode.java:1081)
	at org.codehaus.groovy.ast.ClassCodeVisitorSupport.visitClass(ClassCodeVisitorSupport.java:53)
	at org.codehaus.groovy.classgen.AsmClassGenerator.visitClass(AsmClassGenerator.java:259)
	at org.codehaus.groovy.control.CompilationUnit$17.call(CompilationUnit.java:848)
	at org.codehaus.groovy.control.CompilationUnit.applyToPrimaryClassNodes(CompilationUnit.java:1087)
	at org.codehaus.groovy.control.CompilationUnit.doPhaseOperation(CompilationUnit.java:624)
	at org.codehaus.groovy.control.CompilationUnit.processPhaseOperations(CompilationUnit.java:602)
	at org.codehaus.groovy.control.CompilationUnit.compile(CompilationUnit.java:579)
	at groovy.lang.GroovyClassLoader.doParseClass(GroovyClassLoader.java:323)
	at groovy.lang.GroovyClassLoader.parseClass(GroovyClassLoader.java:293)
	at com.kms.katalon.core.main.ScriptEngine.getScript(ScriptEngine.java:199)
	at com.kms.katalon.core.main.ScriptEngine.run(ScriptEngine.java:194)
	at com.kms.katalon.core.main.ScriptEngine.runScriptAsRawText(ScriptEngine.java:119)
	at com.kms.katalon.core.main.TestCaseExecutor.runScript(TestCaseExecutor.java:442)
	at com.kms.katalon.core.main.TestCaseExecutor.doExecute(TestCaseExecutor.java:433)
	at com.kms.katalon.core.main.TestCaseExecutor.processExecutionPhase(TestCaseExecutor.java:412)
	at com.kms.katalon.core.main.TestCaseExecutor.accessMainPhase(TestCaseExecutor.java:404)
	at com.kms.katalon.core.main.TestCaseExecutor.execute(TestCaseExecutor.java:281)
	at com.kms.katalon.core.main.TestSuiteExecutor.accessTestCaseMainPhase(TestSuiteExecutor.java:202)
	at com.kms.katalon.core.main.TestSuiteExecutor.accessTestSuiteMainPhase(TestSuiteExecutor.java:164)
	at com.kms.katalon.core.main.TestSuiteExecutor.execute(TestSuiteExecutor.java:105)
	at com.kms.katalon.core.main.TestCaseMain.startTestSuite(TestCaseMain.java:185)
	at com.kms.katalon.core.main.TestCaseMain$startTestSuite$0.call(Unknown Source)
	at org.codehaus.groovy.runtime.callsite.CallSiteArray.defaultCall(CallSiteArray.java:47)
	at org.codehaus.groovy.runtime.callsite.AbstractCallSite.call(AbstractCallSite.java:116)
	at org.codehaus.groovy.runtime.callsite.AbstractCallSite.call(AbstractCallSite.java:144)
	at TempTestSuite1643135691764.run(TempTestSuite1643135691764.groovy:36)
	at groovy.lang.GroovyShell.runScriptOrMainOrTestOrRunnable(GroovyShell.java:263)
	at groovy.lang.GroovyShell.run(GroovyShell.java:507)
	at groovy.lang.GroovyShell.run(GroovyShell.java:496)
	at groovy.ui.GroovyMain.processOnce(GroovyMain.java:597)
	at groovy.ui.GroovyMain.run(GroovyMain.java:329)
	at groovy.ui.GroovyMain.process(GroovyMain.java:315)
	at groovy.ui.GroovyMain.processArgs(GroovyMain.java:134)
	at groovy.ui.GroovyMain.main(GroovyMain.java:114)
	at sun.reflect.NativeMethodAccessorImpl.invoke0(Native Method)
	at sun.reflect.NativeMethodAccessorImpl.invoke(NativeMethodAccessorImpl.java:62)
	at sun.reflect.DelegatingMethodAccessorImpl.invoke(DelegatingMethodAccessorImpl.java:43)
	at java.lang.reflect.Method.invoke(Method.java:498)
	at org.codehaus.groovy.tools.GroovyStarter.rootLoader(GroovyStarter.java:116)
	at org.codehaus.groovy.tools.GroovyStarter.main(GroovyStarter.java:138)
Caused by: org.codehaus.groovy.syntax.SyntaxException: Operator ("!==" at 54:16:  "!==" ) not supported @ line 54, column 16.
	at org.codehaus.groovy.classgen.asm.BinaryExpressionHelper.eval(BinaryExpressionHelper.java:301)
	... 63 more

1 error

	at com.kms.katalon.core.main.ScriptEngine.getScript(ScriptEngine.java:199)
	at com.kms.katalon.core.main.ScriptEngine.run(ScriptEngine.java:194)
	at com.kms.katalon.core.main.ScriptEngine.runScriptAsRawText(ScriptEngine.java:119)
	at com.kms.katalon.core.main.TestCaseExecutor.runScript(TestCaseExecutor.java:442)
	at com.kms.katalon.core.main.TestCaseExecutor.doExecute(TestCaseExecutor.java:433)
	at com.kms.katalon.core.main.TestCaseExecutor.processExecutionPhase(TestCaseExecutor.java:412)
	at com.kms.katalon.core.main.TestCaseExecutor.accessMainPhase(TestCaseExecutor.java:404)
	at com.kms.katalon.core.main.TestCaseExecutor.execute(TestCaseExecutor.java:281)
	at com.kms.katalon.core.main.TestSuiteExecutor.accessTestCaseMainPhase(TestSuiteExecutor.java:202)
	at com.kms.katalon.core.main.TestSuiteExecutor.accessTestSuiteMainPhase(TestSuiteExecutor.java:164)
	at com.kms.katalon.core.main.TestSuiteExecutor.execute(TestSuiteExecutor.java:105)
	at com.kms.katalon.core.main.TestCaseMain.startTestSuite(TestCaseMain.java:185)
	at com.kms.katalon.core.main.TestCaseMain$startTestSuite$0.call(Unknown Source)
	at TempTestSuite1643135691764.run(TempTestSuite1643135691764.groovy:36)]]></system-out>
         <system-err><![CDATA[2022-01-25 15:34:55 - [TEST_CASE][ERROR] - Test Cases/TC26- Validacao cpf cliente: Test Cases/TC26- Validacao cpf cliente FAILED.
Reason:
org.codehaus.groovy.control.MultipleCompilationErrorsException: startup failed:
General error during class generation: null. file:/C:/Users/Administrator/git/Site-SFA/Scripts/TC26-%20Validacao%20cpf%20cliente/Script1643133493316.groovy

groovy.lang.GroovyRuntimeException: null. file:/C:/Users/Administrator/git/Site-SFA/Scripts/TC26-%20Validacao%20cpf%20cliente/Script1643133493316.groovy
	at org.codehaus.groovy.classgen.asm.BinaryExpressionHelper.eval(BinaryExpressionHelper.java:302)
	at org.codehaus.groovy.classgen.AsmClassGenerator.visitBinaryExpression(AsmClassGenerator.java:685)
	at org.codehaus.groovy.ast.expr.BinaryExpression.visit(BinaryExpression.java:51)
	at org.codehaus.groovy.classgen.asm.BinaryExpressionHelper.evaluateLogicalOrExpression(BinaryExpressionHelper.java:548)
	at org.codehaus.groovy.classgen.asm.BinaryExpressionHelper.eval(BinaryExpressionHelper.java:165)
	at org.codehaus.groovy.classgen.AsmClassGenerator.visitBinaryExpression(AsmClassGenerator.java:685)
	at org.codehaus.groovy.ast.expr.BinaryExpression.visit(BinaryExpression.java:51)
	at org.codehaus.groovy.classgen.AsmClassGenerator.visitBooleanExpression(AsmClassGenerator.java:807)
	at org.codehaus.groovy.ast.expr.BooleanExpression.visit(BooleanExpression.java:42)
	at org.codehaus.groovy.classgen.asm.StatementWriter.writeIfElse(StatementWriter.java:299)
	at org.codehaus.groovy.classgen.asm.OptimizingStatementWriter.writeIfElse(OptimizingStatementWriter.java:323)
	at org.codehaus.groovy.classgen.AsmClassGenerator.visitIfElse(AsmClassGenerator.java:629)
	at org.codehaus.groovy.ast.stmt.IfStatement.visit(IfStatement.java:43)
	at org.codehaus.groovy.classgen.asm.StatementWriter.writeBlockStatement(StatementWriter.java:93)
	at org.codehaus.groovy.classgen.asm.OptimizingStatementWriter.writeBlockStatement(OptimizingStatementWriter.java:205)
	at org.codehaus.groovy.classgen.AsmClassGenerator.visitBlockStatement(AsmClassGenerator.java:613)
	at org.codehaus.groovy.ast.stmt.BlockStatement.visit(BlockStatement.java:71)
	at org.codehaus.groovy.ast.ClassCodeVisitorSupport.visitClassCodeContainer(ClassCodeVisitorSupport.java:104)
	at org.codehaus.groovy.ast.ClassCodeVisitorSupport.visitConstructorOrMethod(ClassCodeVisitorSupport.java:115)
	at org.codehaus.groovy.classgen.AsmClassGenerator.visitStdMethod(AsmClassGenerator.java:477)
	at org.codehaus.groovy.classgen.AsmClassGenerator.visitConstructorOrMethod(AsmClassGenerator.java:413)
	at org.codehaus.groovy.ast.ClassCodeVisitorSupport.visitMethod(ClassCodeVisitorSupport.java:126)
	at org.codehaus.groovy.classgen.AsmClassGenerator.visitMethod(AsmClassGenerator.java:554)
	at org.codehaus.groovy.ast.ClassNode.visitContents(ClassNode.java:1081)
	at org.codehaus.groovy.ast.ClassCodeVisitorSupport.visitClass(ClassCodeVisitorSupport.java:53)
	at org.codehaus.groovy.classgen.AsmClassGenerator.visitClass(AsmClassGenerator.java:259)
	at org.codehaus.groovy.control.CompilationUnit$17.call(CompilationUnit.java:848)
	at org.codehaus.groovy.control.CompilationUnit.applyToPrimaryClassNodes(CompilationUnit.java:1087)
	at org.codehaus.groovy.control.CompilationUnit.doPhaseOperation(CompilationUnit.java:624)
	at org.codehaus.groovy.control.CompilationUnit.processPhaseOperations(CompilationUnit.java:602)
	at org.codehaus.groovy.control.CompilationUnit.compile(CompilationUnit.java:579)
	at groovy.lang.GroovyClassLoader.doParseClass(GroovyClassLoader.java:323)
	at groovy.lang.GroovyClassLoader.parseClass(GroovyClassLoader.java:293)
	at com.kms.katalon.core.main.ScriptEngine.getScript(ScriptEngine.java:199)
	at com.kms.katalon.core.main.ScriptEngine.run(ScriptEngine.java:194)
	at com.kms.katalon.core.main.ScriptEngine.runScriptAsRawText(ScriptEngine.java:119)
	at com.kms.katalon.core.main.TestCaseExecutor.runScript(TestCaseExecutor.java:442)
	at com.kms.katalon.core.main.TestCaseExecutor.doExecute(TestCaseExecutor.java:433)
	at com.kms.katalon.core.main.TestCaseExecutor.processExecutionPhase(TestCaseExecutor.java:412)
	at com.kms.katalon.core.main.TestCaseExecutor.accessMainPhase(TestCaseExecutor.java:404)
	at com.kms.katalon.core.main.TestCaseExecutor.execute(TestCaseExecutor.java:281)
	at com.kms.katalon.core.main.TestSuiteExecutor.accessTestCaseMainPhase(TestSuiteExecutor.java:202)
	at com.kms.katalon.core.main.TestSuiteExecutor.accessTestSuiteMainPhase(TestSuiteExecutor.java:164)
	at com.kms.katalon.core.main.TestSuiteExecutor.execute(TestSuiteExecutor.java:105)
	at com.kms.katalon.core.main.TestCaseMain.startTestSuite(TestCaseMain.java:185)
	at com.kms.katalon.core.main.TestCaseMain$startTestSuite$0.call(Unknown Source)
	at org.codehaus.groovy.runtime.callsite.CallSiteArray.defaultCall(CallSiteArray.java:47)
	at org.codehaus.groovy.runtime.callsite.AbstractCallSite.call(AbstractCallSite.java:116)
	at org.codehaus.groovy.runtime.callsite.AbstractCallSite.call(AbstractCallSite.java:144)
	at TempTestSuite1643135691764.run(TempTestSuite1643135691764.groovy:36)
	at groovy.lang.GroovyShell.runScriptOrMainOrTestOrRunnable(GroovyShell.java:263)
	at groovy.lang.GroovyShell.run(GroovyShell.java:507)
	at groovy.lang.GroovyShell.run(GroovyShell.java:496)
	at groovy.ui.GroovyMain.processOnce(GroovyMain.java:597)
	at groovy.ui.GroovyMain.run(GroovyMain.java:329)
	at groovy.ui.GroovyMain.process(GroovyMain.java:315)
	at groovy.ui.GroovyMain.processArgs(GroovyMain.java:134)
	at groovy.ui.GroovyMain.main(GroovyMain.java:114)
	at sun.reflect.NativeMethodAccessorImpl.invoke0(Native Method)
	at sun.reflect.NativeMethodAccessorImpl.invoke(NativeMethodAccessorImpl.java:62)
	at sun.reflect.DelegatingMethodAccessorImpl.invoke(DelegatingMethodAccessorImpl.java:43)
	at java.lang.reflect.Method.invoke(Method.java:498)
	at org.codehaus.groovy.tools.GroovyStarter.rootLoader(GroovyStarter.java:116)
	at org.codehaus.groovy.tools.GroovyStarter.main(GroovyStarter.java:138)
Caused by: org.codehaus.groovy.syntax.SyntaxException: Operator ("!==" at 54:16:  "!==" ) not supported @ line 54, column 16.
	at org.codehaus.groovy.classgen.asm.BinaryExpressionHelper.eval(BinaryExpressionHelper.java:301)
	... 63 more

1 error

	at com.kms.katalon.core.main.ScriptEngine.getScript(ScriptEngine.java:199)
	at com.kms.katalon.core.main.ScriptEngine.run(ScriptEngine.java:194)
	at com.kms.katalon.core.main.ScriptEngine.runScriptAsRawText(ScriptEngine.java:119)
	at com.kms.katalon.core.main.TestCaseExecutor.runScript(TestCaseExecutor.java:442)
	at com.kms.katalon.core.main.TestCaseExecutor.doExecute(TestCaseExecutor.java:433)
	at com.kms.katalon.core.main.TestCaseExecutor.processExecutionPhase(TestCaseExecutor.java:412)
	at com.kms.katalon.core.main.TestCaseExecutor.accessMainPhase(TestCaseExecutor.java:404)
	at com.kms.katalon.core.main.TestCaseExecutor.execute(TestCaseExecutor.java:281)
	at com.kms.katalon.core.main.TestSuiteExecutor.accessTestCaseMainPhase(TestSuiteExecutor.java:202)
	at com.kms.katalon.core.main.TestSuiteExecutor.accessTestSuiteMainPhase(TestSuiteExecutor.java:164)
	at com.kms.katalon.core.main.TestSuiteExecutor.execute(TestSuiteExecutor.java:105)
	at com.kms.katalon.core.main.TestCaseMain.startTestSuite(TestCaseMain.java:185)
	at com.kms.katalon.core.main.TestCaseMain$startTestSuite$0.call(Unknown Source)
	at TempTestSuite1643135691764.run(TempTestSuite1643135691764.groovy:36)]]></system-err>
      </testcase>
      <testcase name="Test Cases/TC26- Validacao cpf cliente" time="0.517" classname="Test Cases/TC26- Validacao cpf cliente" status="ERROR">
         <error type="ERROR" message="Test Cases/TC26- Validacao cpf cliente FAILED.
Reason:
org.codehaus.groovy.control.MultipleCompilationErrorsException: startup failed:
General error during class generation: null. file:/C:/Users/Administrator/git/Site-SFA/Scripts/TC26-%20Validacao%20cpf%20cliente/Script1643133493316.groovy

groovy.lang.GroovyRuntimeException: null. file:/C:/Users/Administrator/git/Site-SFA/Scripts/TC26-%20Validacao%20cpf%20cliente/Script1643133493316.groovy
	at org.codehaus.groovy.classgen.asm.BinaryExpressionHelper.eval(BinaryExpressionHelper.java:302)
	at org.codehaus.groovy.classgen.AsmClassGenerator.visitBinaryExpression(AsmClassGenerator.java:685)
	at org.codehaus.groovy.ast.expr.BinaryExpression.visit(BinaryExpression.java:51)
	at org.codehaus.groovy.classgen.asm.BinaryExpressionHelper.evaluateLogicalOrExpression(BinaryExpressionHelper.java:548)
	at org.codehaus.groovy.classgen.asm.BinaryExpressionHelper.eval(BinaryExpressionHelper.java:165)
	at org.codehaus.groovy.classgen.AsmClassGenerator.visitBinaryExpression(AsmClassGenerator.java:685)
	at org.codehaus.groovy.ast.expr.BinaryExpression.visit(BinaryExpression.java:51)
	at org.codehaus.groovy.classgen.AsmClassGenerator.visitBooleanExpression(AsmClassGenerator.java:807)
	at org.codehaus.groovy.ast.expr.BooleanExpression.visit(BooleanExpression.java:42)
	at org.codehaus.groovy.classgen.asm.StatementWriter.writeIfElse(StatementWriter.java:299)
	at org.codehaus.groovy.classgen.asm.OptimizingStatementWriter.writeIfElse(OptimizingStatementWriter.java:323)
	at org.codehaus.groovy.classgen.AsmClassGenerator.visitIfElse(AsmClassGenerator.java:629)
	at org.codehaus.groovy.ast.stmt.IfStatement.visit(IfStatement.java:43)
	at org.codehaus.groovy.classgen.asm.StatementWriter.writeBlockStatement(StatementWriter.java:93)
	at org.codehaus.groovy.classgen.asm.OptimizingStatementWriter.writeBlockStatement(OptimizingStatementWriter.java:205)
	at org.codehaus.groovy.classgen.AsmClassGenerator.visitBlockStatement(AsmClassGenerator.java:613)
	at org.codehaus.groovy.ast.stmt.BlockStatement.visit(BlockStatement.java:71)
	at org.codehaus.groovy.ast.ClassCodeVisitorSupport.visitClassCodeContainer(ClassCodeVisitorSupport.java:104)
	at org.codehaus.groovy.ast.ClassCodeVisitorSupport.visitConstructorOrMethod(ClassCodeVisitorSupport.java:115)
	at org.codehaus.groovy.classgen.AsmClassGenerator.visitStdMethod(AsmClassGenerator.java:477)
	at org.codehaus.groovy.classgen.AsmClassGenerator.visitConstructorOrMethod(AsmClassGenerator.java:413)
	at org.codehaus.groovy.ast.ClassCodeVisitorSupport.visitMethod(ClassCodeVisitorSupport.java:126)
	at org.codehaus.groovy.classgen.AsmClassGenerator.visitMethod(AsmClassGenerator.java:554)
	at org.codehaus.groovy.ast.ClassNode.visitContents(ClassNode.java:1081)
	at org.codehaus.groovy.ast.ClassCodeVisitorSupport.visitClass(ClassCodeVisitorSupport.java:53)
	at org.codehaus.groovy.classgen.AsmClassGenerator.visitClass(AsmClassGenerator.java:259)
	at org.codehaus.groovy.control.CompilationUnit$17.call(CompilationUnit.java:848)
	at org.codehaus.groovy.control.CompilationUnit.applyToPrimaryClassNodes(CompilationUnit.java:1087)
	at org.codehaus.groovy.control.CompilationUnit.doPhaseOperation(CompilationUnit.java:624)
	at org.codehaus.groovy.control.CompilationUnit.processPhaseOperations(CompilationUnit.java:602)
	at org.codehaus.groovy.control.CompilationUnit.compile(CompilationUnit.java:579)
	at groovy.lang.GroovyClassLoader.doParseClass(GroovyClassLoader.java:323)
	at groovy.lang.GroovyClassLoader.parseClass(GroovyClassLoader.java:293)
	at com.kms.katalon.core.main.ScriptEngine.getScript(ScriptEngine.java:199)
	at com.kms.katalon.core.main.ScriptEngine.run(ScriptEngine.java:194)
	at com.kms.katalon.core.main.ScriptEngine.runScriptAsRawText(ScriptEngine.java:119)
	at com.kms.katalon.core.main.TestCaseExecutor.runScript(TestCaseExecutor.java:442)
	at com.kms.katalon.core.main.TestCaseExecutor.doExecute(TestCaseExecutor.java:433)
	at com.kms.katalon.core.main.TestCaseExecutor.processExecutionPhase(TestCaseExecutor.java:412)
	at com.kms.katalon.core.main.TestCaseExecutor.accessMainPhase(TestCaseExecutor.java:404)
	at com.kms.katalon.core.main.TestCaseExecutor.execute(TestCaseExecutor.java:281)
	at com.kms.katalon.core.main.TestSuiteExecutor.accessTestCaseMainPhase(TestSuiteExecutor.java:202)
	at com.kms.katalon.core.main.TestSuiteExecutor.accessTestSuiteMainPhase(TestSuiteExecutor.java:164)
	at com.kms.katalon.core.main.TestSuiteExecutor.execute(TestSuiteExecutor.java:105)
	at com.kms.katalon.core.main.TestCaseMain.startTestSuite(TestCaseMain.java:185)
	at com.kms.katalon.core.main.TestCaseMain$startTestSuite$0.call(Unknown Source)
	at org.codehaus.groovy.runtime.callsite.CallSiteArray.defaultCall(CallSiteArray.java:47)
	at org.codehaus.groovy.runtime.callsite.AbstractCallSite.call(AbstractCallSite.java:116)
	at org.codehaus.groovy.runtime.callsite.AbstractCallSite.call(AbstractCallSite.java:144)
	at TempTestSuite1643135691764.run(TempTestSuite1643135691764.groovy:36)
	at groovy.lang.GroovyShell.runScriptOrMainOrTestOrRunnable(GroovyShell.java:263)
	at groovy.lang.GroovyShell.run(GroovyShell.java:507)
	at groovy.lang.GroovyShell.run(GroovyShell.java:496)
	at groovy.ui.GroovyMain.processOnce(GroovyMain.java:597)
	at groovy.ui.GroovyMain.run(GroovyMain.java:329)
	at groovy.ui.GroovyMain.process(GroovyMain.java:315)
	at groovy.ui.GroovyMain.processArgs(GroovyMain.java:134)
	at groovy.ui.GroovyMain.main(GroovyMain.java:114)
	at sun.reflect.NativeMethodAccessorImpl.invoke0(Native Method)
	at sun.reflect.NativeMethodAccessorImpl.invoke(NativeMethodAccessorImpl.java:62)
	at sun.reflect.DelegatingMethodAccessorImpl.invoke(DelegatingMethodAccessorImpl.java:43)
	at java.lang.reflect.Method.invoke(Method.java:498)
	at org.codehaus.groovy.tools.GroovyStarter.rootLoader(GroovyStarter.java:116)
	at org.codehaus.groovy.tools.GroovyStarter.main(GroovyStarter.java:138)
Caused by: org.codehaus.groovy.syntax.SyntaxException: Operator (&quot;!==&quot; at 54:16:  &quot;!==&quot; ) not supported @ line 54, column 16.
	at org.codehaus.groovy.classgen.asm.BinaryExpressionHelper.eval(BinaryExpressionHelper.java:301)
	... 63 more

1 error

	at com.kms.katalon.core.main.ScriptEngine.getScript(ScriptEngine.java:199)
	at com.kms.katalon.core.main.ScriptEngine.run(ScriptEngine.java:194)
	at com.kms.katalon.core.main.ScriptEngine.runScriptAsRawText(ScriptEngine.java:119)
	at com.kms.katalon.core.main.TestCaseExecutor.runScript(TestCaseExecutor.java:442)
	at com.kms.katalon.core.main.TestCaseExecutor.doExecute(TestCaseExecutor.java:433)
	at com.kms.katalon.core.main.TestCaseExecutor.processExecutionPhase(TestCaseExecutor.java:412)
	at com.kms.katalon.core.main.TestCaseExecutor.accessMainPhase(TestCaseExecutor.java:404)
	at com.kms.katalon.core.main.TestCaseExecutor.execute(TestCaseExecutor.java:281)
	at com.kms.katalon.core.main.TestSuiteExecutor.accessTestCaseMainPhase(TestSuiteExecutor.java:202)
	at com.kms.katalon.core.main.TestSuiteExecutor.accessTestSuiteMainPhase(TestSuiteExecutor.java:164)
	at com.kms.katalon.core.main.TestSuiteExecutor.execute(TestSuiteExecutor.java:105)
	at com.kms.katalon.core.main.TestCaseMain.startTestSuite(TestCaseMain.java:185)
	at com.kms.katalon.core.main.TestCaseMain$startTestSuite$0.call(Unknown Source)
	at TempTestSuite1643135691764.run(TempTestSuite1643135691764.groovy:36)
"/>
         <system-out><![CDATA[2022-01-25 15:34:55 - [TEST_CASE][ERROR] - Test Cases/TC26- Validacao cpf cliente: Test Cases/TC26- Validacao cpf cliente FAILED.
Reason:
org.codehaus.groovy.control.MultipleCompilationErrorsException: startup failed:
General error during class generation: null. file:/C:/Users/Administrator/git/Site-SFA/Scripts/TC26-%20Validacao%20cpf%20cliente/Script1643133493316.groovy

groovy.lang.GroovyRuntimeException: null. file:/C:/Users/Administrator/git/Site-SFA/Scripts/TC26-%20Validacao%20cpf%20cliente/Script1643133493316.groovy
	at org.codehaus.groovy.classgen.asm.BinaryExpressionHelper.eval(BinaryExpressionHelper.java:302)
	at org.codehaus.groovy.classgen.AsmClassGenerator.visitBinaryExpression(AsmClassGenerator.java:685)
	at org.codehaus.groovy.ast.expr.BinaryExpression.visit(BinaryExpression.java:51)
	at org.codehaus.groovy.classgen.asm.BinaryExpressionHelper.evaluateLogicalOrExpression(BinaryExpressionHelper.java:548)
	at org.codehaus.groovy.classgen.asm.BinaryExpressionHelper.eval(BinaryExpressionHelper.java:165)
	at org.codehaus.groovy.classgen.AsmClassGenerator.visitBinaryExpression(AsmClassGenerator.java:685)
	at org.codehaus.groovy.ast.expr.BinaryExpression.visit(BinaryExpression.java:51)
	at org.codehaus.groovy.classgen.AsmClassGenerator.visitBooleanExpression(AsmClassGenerator.java:807)
	at org.codehaus.groovy.ast.expr.BooleanExpression.visit(BooleanExpression.java:42)
	at org.codehaus.groovy.classgen.asm.StatementWriter.writeIfElse(StatementWriter.java:299)
	at org.codehaus.groovy.classgen.asm.OptimizingStatementWriter.writeIfElse(OptimizingStatementWriter.java:323)
	at org.codehaus.groovy.classgen.AsmClassGenerator.visitIfElse(AsmClassGenerator.java:629)
	at org.codehaus.groovy.ast.stmt.IfStatement.visit(IfStatement.java:43)
	at org.codehaus.groovy.classgen.asm.StatementWriter.writeBlockStatement(StatementWriter.java:93)
	at org.codehaus.groovy.classgen.asm.OptimizingStatementWriter.writeBlockStatement(OptimizingStatementWriter.java:205)
	at org.codehaus.groovy.classgen.AsmClassGenerator.visitBlockStatement(AsmClassGenerator.java:613)
	at org.codehaus.groovy.ast.stmt.BlockStatement.visit(BlockStatement.java:71)
	at org.codehaus.groovy.ast.ClassCodeVisitorSupport.visitClassCodeContainer(ClassCodeVisitorSupport.java:104)
	at org.codehaus.groovy.ast.ClassCodeVisitorSupport.visitConstructorOrMethod(ClassCodeVisitorSupport.java:115)
	at org.codehaus.groovy.classgen.AsmClassGenerator.visitStdMethod(AsmClassGenerator.java:477)
	at org.codehaus.groovy.classgen.AsmClassGenerator.visitConstructorOrMethod(AsmClassGenerator.java:413)
	at org.codehaus.groovy.ast.ClassCodeVisitorSupport.visitMethod(ClassCodeVisitorSupport.java:126)
	at org.codehaus.groovy.classgen.AsmClassGenerator.visitMethod(AsmClassGenerator.java:554)
	at org.codehaus.groovy.ast.ClassNode.visitContents(ClassNode.java:1081)
	at org.codehaus.groovy.ast.ClassCodeVisitorSupport.visitClass(ClassCodeVisitorSupport.java:53)
	at org.codehaus.groovy.classgen.AsmClassGenerator.visitClass(AsmClassGenerator.java:259)
	at org.codehaus.groovy.control.CompilationUnit$17.call(CompilationUnit.java:848)
	at org.codehaus.groovy.control.CompilationUnit.applyToPrimaryClassNodes(CompilationUnit.java:1087)
	at org.codehaus.groovy.control.CompilationUnit.doPhaseOperation(CompilationUnit.java:624)
	at org.codehaus.groovy.control.CompilationUnit.processPhaseOperations(CompilationUnit.java:602)
	at org.codehaus.groovy.control.CompilationUnit.compile(CompilationUnit.java:579)
	at groovy.lang.GroovyClassLoader.doParseClass(GroovyClassLoader.java:323)
	at groovy.lang.GroovyClassLoader.parseClass(GroovyClassLoader.java:293)
	at com.kms.katalon.core.main.ScriptEngine.getScript(ScriptEngine.java:199)
	at com.kms.katalon.core.main.ScriptEngine.run(ScriptEngine.java:194)
	at com.kms.katalon.core.main.ScriptEngine.runScriptAsRawText(ScriptEngine.java:119)
	at com.kms.katalon.core.main.TestCaseExecutor.runScript(TestCaseExecutor.java:442)
	at com.kms.katalon.core.main.TestCaseExecutor.doExecute(TestCaseExecutor.java:433)
	at com.kms.katalon.core.main.TestCaseExecutor.processExecutionPhase(TestCaseExecutor.java:412)
	at com.kms.katalon.core.main.TestCaseExecutor.accessMainPhase(TestCaseExecutor.java:404)
	at com.kms.katalon.core.main.TestCaseExecutor.execute(TestCaseExecutor.java:281)
	at com.kms.katalon.core.main.TestSuiteExecutor.accessTestCaseMainPhase(TestSuiteExecutor.java:202)
	at com.kms.katalon.core.main.TestSuiteExecutor.accessTestSuiteMainPhase(TestSuiteExecutor.java:164)
	at com.kms.katalon.core.main.TestSuiteExecutor.execute(TestSuiteExecutor.java:105)
	at com.kms.katalon.core.main.TestCaseMain.startTestSuite(TestCaseMain.java:185)
	at com.kms.katalon.core.main.TestCaseMain$startTestSuite$0.call(Unknown Source)
	at org.codehaus.groovy.runtime.callsite.CallSiteArray.defaultCall(CallSiteArray.java:47)
	at org.codehaus.groovy.runtime.callsite.AbstractCallSite.call(AbstractCallSite.java:116)
	at org.codehaus.groovy.runtime.callsite.AbstractCallSite.call(AbstractCallSite.java:144)
	at TempTestSuite1643135691764.run(TempTestSuite1643135691764.groovy:36)
	at groovy.lang.GroovyShell.runScriptOrMainOrTestOrRunnable(GroovyShell.java:263)
	at groovy.lang.GroovyShell.run(GroovyShell.java:507)
	at groovy.lang.GroovyShell.run(GroovyShell.java:496)
	at groovy.ui.GroovyMain.processOnce(GroovyMain.java:597)
	at groovy.ui.GroovyMain.run(GroovyMain.java:329)
	at groovy.ui.GroovyMain.process(GroovyMain.java:315)
	at groovy.ui.GroovyMain.processArgs(GroovyMain.java:134)
	at groovy.ui.GroovyMain.main(GroovyMain.java:114)
	at sun.reflect.NativeMethodAccessorImpl.invoke0(Native Method)
	at sun.reflect.NativeMethodAccessorImpl.invoke(NativeMethodAccessorImpl.java:62)
	at sun.reflect.DelegatingMethodAccessorImpl.invoke(DelegatingMethodAccessorImpl.java:43)
	at java.lang.reflect.Method.invoke(Method.java:498)
	at org.codehaus.groovy.tools.GroovyStarter.rootLoader(GroovyStarter.java:116)
	at org.codehaus.groovy.tools.GroovyStarter.main(GroovyStarter.java:138)
Caused by: org.codehaus.groovy.syntax.SyntaxException: Operator ("!==" at 54:16:  "!==" ) not supported @ line 54, column 16.
	at org.codehaus.groovy.classgen.asm.BinaryExpressionHelper.eval(BinaryExpressionHelper.java:301)
	... 63 more

1 error

	at com.kms.katalon.core.main.ScriptEngine.getScript(ScriptEngine.java:199)
	at com.kms.katalon.core.main.ScriptEngine.run(ScriptEngine.java:194)
	at com.kms.katalon.core.main.ScriptEngine.runScriptAsRawText(ScriptEngine.java:119)
	at com.kms.katalon.core.main.TestCaseExecutor.runScript(TestCaseExecutor.java:442)
	at com.kms.katalon.core.main.TestCaseExecutor.doExecute(TestCaseExecutor.java:433)
	at com.kms.katalon.core.main.TestCaseExecutor.processExecutionPhase(TestCaseExecutor.java:412)
	at com.kms.katalon.core.main.TestCaseExecutor.accessMainPhase(TestCaseExecutor.java:404)
	at com.kms.katalon.core.main.TestCaseExecutor.execute(TestCaseExecutor.java:281)
	at com.kms.katalon.core.main.TestSuiteExecutor.accessTestCaseMainPhase(TestSuiteExecutor.java:202)
	at com.kms.katalon.core.main.TestSuiteExecutor.accessTestSuiteMainPhase(TestSuiteExecutor.java:164)
	at com.kms.katalon.core.main.TestSuiteExecutor.execute(TestSuiteExecutor.java:105)
	at com.kms.katalon.core.main.TestCaseMain.startTestSuite(TestCaseMain.java:185)
	at com.kms.katalon.core.main.TestCaseMain$startTestSuite$0.call(Unknown Source)
	at TempTestSuite1643135691764.run(TempTestSuite1643135691764.groovy:36)]]></system-out>
         <system-err><![CDATA[2022-01-25 15:34:55 - [TEST_CASE][ERROR] - Test Cases/TC26- Validacao cpf cliente: Test Cases/TC26- Validacao cpf cliente FAILED.
Reason:
org.codehaus.groovy.control.MultipleCompilationErrorsException: startup failed:
General error during class generation: null. file:/C:/Users/Administrator/git/Site-SFA/Scripts/TC26-%20Validacao%20cpf%20cliente/Script1643133493316.groovy

groovy.lang.GroovyRuntimeException: null. file:/C:/Users/Administrator/git/Site-SFA/Scripts/TC26-%20Validacao%20cpf%20cliente/Script1643133493316.groovy
	at org.codehaus.groovy.classgen.asm.BinaryExpressionHelper.eval(BinaryExpressionHelper.java:302)
	at org.codehaus.groovy.classgen.AsmClassGenerator.visitBinaryExpression(AsmClassGenerator.java:685)
	at org.codehaus.groovy.ast.expr.BinaryExpression.visit(BinaryExpression.java:51)
	at org.codehaus.groovy.classgen.asm.BinaryExpressionHelper.evaluateLogicalOrExpression(BinaryExpressionHelper.java:548)
	at org.codehaus.groovy.classgen.asm.BinaryExpressionHelper.eval(BinaryExpressionHelper.java:165)
	at org.codehaus.groovy.classgen.AsmClassGenerator.visitBinaryExpression(AsmClassGenerator.java:685)
	at org.codehaus.groovy.ast.expr.BinaryExpression.visit(BinaryExpression.java:51)
	at org.codehaus.groovy.classgen.AsmClassGenerator.visitBooleanExpression(AsmClassGenerator.java:807)
	at org.codehaus.groovy.ast.expr.BooleanExpression.visit(BooleanExpression.java:42)
	at org.codehaus.groovy.classgen.asm.StatementWriter.writeIfElse(StatementWriter.java:299)
	at org.codehaus.groovy.classgen.asm.OptimizingStatementWriter.writeIfElse(OptimizingStatementWriter.java:323)
	at org.codehaus.groovy.classgen.AsmClassGenerator.visitIfElse(AsmClassGenerator.java:629)
	at org.codehaus.groovy.ast.stmt.IfStatement.visit(IfStatement.java:43)
	at org.codehaus.groovy.classgen.asm.StatementWriter.writeBlockStatement(StatementWriter.java:93)
	at org.codehaus.groovy.classgen.asm.OptimizingStatementWriter.writeBlockStatement(OptimizingStatementWriter.java:205)
	at org.codehaus.groovy.classgen.AsmClassGenerator.visitBlockStatement(AsmClassGenerator.java:613)
	at org.codehaus.groovy.ast.stmt.BlockStatement.visit(BlockStatement.java:71)
	at org.codehaus.groovy.ast.ClassCodeVisitorSupport.visitClassCodeContainer(ClassCodeVisitorSupport.java:104)
	at org.codehaus.groovy.ast.ClassCodeVisitorSupport.visitConstructorOrMethod(ClassCodeVisitorSupport.java:115)
	at org.codehaus.groovy.classgen.AsmClassGenerator.visitStdMethod(AsmClassGenerator.java:477)
	at org.codehaus.groovy.classgen.AsmClassGenerator.visitConstructorOrMethod(AsmClassGenerator.java:413)
	at org.codehaus.groovy.ast.ClassCodeVisitorSupport.visitMethod(ClassCodeVisitorSupport.java:126)
	at org.codehaus.groovy.classgen.AsmClassGenerator.visitMethod(AsmClassGenerator.java:554)
	at org.codehaus.groovy.ast.ClassNode.visitContents(ClassNode.java:1081)
	at org.codehaus.groovy.ast.ClassCodeVisitorSupport.visitClass(ClassCodeVisitorSupport.java:53)
	at org.codehaus.groovy.classgen.AsmClassGenerator.visitClass(AsmClassGenerator.java:259)
	at org.codehaus.groovy.control.CompilationUnit$17.call(CompilationUnit.java:848)
	at org.codehaus.groovy.control.CompilationUnit.applyToPrimaryClassNodes(CompilationUnit.java:1087)
	at org.codehaus.groovy.control.CompilationUnit.doPhaseOperation(CompilationUnit.java:624)
	at org.codehaus.groovy.control.CompilationUnit.processPhaseOperations(CompilationUnit.java:602)
	at org.codehaus.groovy.control.CompilationUnit.compile(CompilationUnit.java:579)
	at groovy.lang.GroovyClassLoader.doParseClass(GroovyClassLoader.java:323)
	at groovy.lang.GroovyClassLoader.parseClass(GroovyClassLoader.java:293)
	at com.kms.katalon.core.main.ScriptEngine.getScript(ScriptEngine.java:199)
	at com.kms.katalon.core.main.ScriptEngine.run(ScriptEngine.java:194)
	at com.kms.katalon.core.main.ScriptEngine.runScriptAsRawText(ScriptEngine.java:119)
	at com.kms.katalon.core.main.TestCaseExecutor.runScript(TestCaseExecutor.java:442)
	at com.kms.katalon.core.main.TestCaseExecutor.doExecute(TestCaseExecutor.java:433)
	at com.kms.katalon.core.main.TestCaseExecutor.processExecutionPhase(TestCaseExecutor.java:412)
	at com.kms.katalon.core.main.TestCaseExecutor.accessMainPhase(TestCaseExecutor.java:404)
	at com.kms.katalon.core.main.TestCaseExecutor.execute(TestCaseExecutor.java:281)
	at com.kms.katalon.core.main.TestSuiteExecutor.accessTestCaseMainPhase(TestSuiteExecutor.java:202)
	at com.kms.katalon.core.main.TestSuiteExecutor.accessTestSuiteMainPhase(TestSuiteExecutor.java:164)
	at com.kms.katalon.core.main.TestSuiteExecutor.execute(TestSuiteExecutor.java:105)
	at com.kms.katalon.core.main.TestCaseMain.startTestSuite(TestCaseMain.java:185)
	at com.kms.katalon.core.main.TestCaseMain$startTestSuite$0.call(Unknown Source)
	at org.codehaus.groovy.runtime.callsite.CallSiteArray.defaultCall(CallSiteArray.java:47)
	at org.codehaus.groovy.runtime.callsite.AbstractCallSite.call(AbstractCallSite.java:116)
	at org.codehaus.groovy.runtime.callsite.AbstractCallSite.call(AbstractCallSite.java:144)
	at TempTestSuite1643135691764.run(TempTestSuite1643135691764.groovy:36)
	at groovy.lang.GroovyShell.runScriptOrMainOrTestOrRunnable(GroovyShell.java:263)
	at groovy.lang.GroovyShell.run(GroovyShell.java:507)
	at groovy.lang.GroovyShell.run(GroovyShell.java:496)
	at groovy.ui.GroovyMain.processOnce(GroovyMain.java:597)
	at groovy.ui.GroovyMain.run(GroovyMain.java:329)
	at groovy.ui.GroovyMain.process(GroovyMain.java:315)
	at groovy.ui.GroovyMain.processArgs(GroovyMain.java:134)
	at groovy.ui.GroovyMain.main(GroovyMain.java:114)
	at sun.reflect.NativeMethodAccessorImpl.invoke0(Native Method)
	at sun.reflect.NativeMethodAccessorImpl.invoke(NativeMethodAccessorImpl.java:62)
	at sun.reflect.DelegatingMethodAccessorImpl.invoke(DelegatingMethodAccessorImpl.java:43)
	at java.lang.reflect.Method.invoke(Method.java:498)
	at org.codehaus.groovy.tools.GroovyStarter.rootLoader(GroovyStarter.java:116)
	at org.codehaus.groovy.tools.GroovyStarter.main(GroovyStarter.java:138)
Caused by: org.codehaus.groovy.syntax.SyntaxException: Operator ("!==" at 54:16:  "!==" ) not supported @ line 54, column 16.
	at org.codehaus.groovy.classgen.asm.BinaryExpressionHelper.eval(BinaryExpressionHelper.java:301)
	... 63 more

1 error

	at com.kms.katalon.core.main.ScriptEngine.getScript(ScriptEngine.java:199)
	at com.kms.katalon.core.main.ScriptEngine.run(ScriptEngine.java:194)
	at com.kms.katalon.core.main.ScriptEngine.runScriptAsRawText(ScriptEngine.java:119)
	at com.kms.katalon.core.main.TestCaseExecutor.runScript(TestCaseExecutor.java:442)
	at com.kms.katalon.core.main.TestCaseExecutor.doExecute(TestCaseExecutor.java:433)
	at com.kms.katalon.core.main.TestCaseExecutor.processExecutionPhase(TestCaseExecutor.java:412)
	at com.kms.katalon.core.main.TestCaseExecutor.accessMainPhase(TestCaseExecutor.java:404)
	at com.kms.katalon.core.main.TestCaseExecutor.execute(TestCaseExecutor.java:281)
	at com.kms.katalon.core.main.TestSuiteExecutor.accessTestCaseMainPhase(TestSuiteExecutor.java:202)
	at com.kms.katalon.core.main.TestSuiteExecutor.accessTestSuiteMainPhase(TestSuiteExecutor.java:164)
	at com.kms.katalon.core.main.TestSuiteExecutor.execute(TestSuiteExecutor.java:105)
	at com.kms.katalon.core.main.TestCaseMain.startTestSuite(TestCaseMain.java:185)
	at com.kms.katalon.core.main.TestCaseMain$startTestSuite$0.call(Unknown Source)
	at TempTestSuite1643135691764.run(TempTestSuite1643135691764.groovy:36)]]></system-err>
      </testcase>
      <testcase name="Test Cases/TC26- Validacao cpf cliente" time="0.413" classname="Test Cases/TC26- Validacao cpf cliente" status="ERROR">
         <error type="ERROR" message="Test Cases/TC26- Validacao cpf cliente FAILED.
Reason:
org.codehaus.groovy.control.MultipleCompilationErrorsException: startup failed:
General error during class generation: null. file:/C:/Users/Administrator/git/Site-SFA/Scripts/TC26-%20Validacao%20cpf%20cliente/Script1643133493316.groovy

groovy.lang.GroovyRuntimeException: null. file:/C:/Users/Administrator/git/Site-SFA/Scripts/TC26-%20Validacao%20cpf%20cliente/Script1643133493316.groovy
	at org.codehaus.groovy.classgen.asm.BinaryExpressionHelper.eval(BinaryExpressionHelper.java:302)
	at org.codehaus.groovy.classgen.AsmClassGenerator.visitBinaryExpression(AsmClassGenerator.java:685)
	at org.codehaus.groovy.ast.expr.BinaryExpression.visit(BinaryExpression.java:51)
	at org.codehaus.groovy.classgen.asm.BinaryExpressionHelper.evaluateLogicalOrExpression(BinaryExpressionHelper.java:548)
	at org.codehaus.groovy.classgen.asm.BinaryExpressionHelper.eval(BinaryExpressionHelper.java:165)
	at org.codehaus.groovy.classgen.AsmClassGenerator.visitBinaryExpression(AsmClassGenerator.java:685)
	at org.codehaus.groovy.ast.expr.BinaryExpression.visit(BinaryExpression.java:51)
	at org.codehaus.groovy.classgen.AsmClassGenerator.visitBooleanExpression(AsmClassGenerator.java:807)
	at org.codehaus.groovy.ast.expr.BooleanExpression.visit(BooleanExpression.java:42)
	at org.codehaus.groovy.classgen.asm.StatementWriter.writeIfElse(StatementWriter.java:299)
	at org.codehaus.groovy.classgen.asm.OptimizingStatementWriter.writeIfElse(OptimizingStatementWriter.java:323)
	at org.codehaus.groovy.classgen.AsmClassGenerator.visitIfElse(AsmClassGenerator.java:629)
	at org.codehaus.groovy.ast.stmt.IfStatement.visit(IfStatement.java:43)
	at org.codehaus.groovy.classgen.asm.StatementWriter.writeBlockStatement(StatementWriter.java:93)
	at org.codehaus.groovy.classgen.asm.OptimizingStatementWriter.writeBlockStatement(OptimizingStatementWriter.java:205)
	at org.codehaus.groovy.classgen.AsmClassGenerator.visitBlockStatement(AsmClassGenerator.java:613)
	at org.codehaus.groovy.ast.stmt.BlockStatement.visit(BlockStatement.java:71)
	at org.codehaus.groovy.ast.ClassCodeVisitorSupport.visitClassCodeContainer(ClassCodeVisitorSupport.java:104)
	at org.codehaus.groovy.ast.ClassCodeVisitorSupport.visitConstructorOrMethod(ClassCodeVisitorSupport.java:115)
	at org.codehaus.groovy.classgen.AsmClassGenerator.visitStdMethod(AsmClassGenerator.java:477)
	at org.codehaus.groovy.classgen.AsmClassGenerator.visitConstructorOrMethod(AsmClassGenerator.java:413)
	at org.codehaus.groovy.ast.ClassCodeVisitorSupport.visitMethod(ClassCodeVisitorSupport.java:126)
	at org.codehaus.groovy.classgen.AsmClassGenerator.visitMethod(AsmClassGenerator.java:554)
	at org.codehaus.groovy.ast.ClassNode.visitContents(ClassNode.java:1081)
	at org.codehaus.groovy.ast.ClassCodeVisitorSupport.visitClass(ClassCodeVisitorSupport.java:53)
	at org.codehaus.groovy.classgen.AsmClassGenerator.visitClass(AsmClassGenerator.java:259)
	at org.codehaus.groovy.control.CompilationUnit$17.call(CompilationUnit.java:848)
	at org.codehaus.groovy.control.CompilationUnit.applyToPrimaryClassNodes(CompilationUnit.java:1087)
	at org.codehaus.groovy.control.CompilationUnit.doPhaseOperation(CompilationUnit.java:624)
	at org.codehaus.groovy.control.CompilationUnit.processPhaseOperations(CompilationUnit.java:602)
	at org.codehaus.groovy.control.CompilationUnit.compile(CompilationUnit.java:579)
	at groovy.lang.GroovyClassLoader.doParseClass(GroovyClassLoader.java:323)
	at groovy.lang.GroovyClassLoader.parseClass(GroovyClassLoader.java:293)
	at com.kms.katalon.core.main.ScriptEngine.getScript(ScriptEngine.java:199)
	at com.kms.katalon.core.main.ScriptEngine.run(ScriptEngine.java:194)
	at com.kms.katalon.core.main.ScriptEngine.runScriptAsRawText(ScriptEngine.java:119)
	at com.kms.katalon.core.main.TestCaseExecutor.runScript(TestCaseExecutor.java:442)
	at com.kms.katalon.core.main.TestCaseExecutor.doExecute(TestCaseExecutor.java:433)
	at com.kms.katalon.core.main.TestCaseExecutor.processExecutionPhase(TestCaseExecutor.java:412)
	at com.kms.katalon.core.main.TestCaseExecutor.accessMainPhase(TestCaseExecutor.java:404)
	at com.kms.katalon.core.main.TestCaseExecutor.execute(TestCaseExecutor.java:281)
	at com.kms.katalon.core.main.TestSuiteExecutor.accessTestCaseMainPhase(TestSuiteExecutor.java:202)
	at com.kms.katalon.core.main.TestSuiteExecutor.accessTestSuiteMainPhase(TestSuiteExecutor.java:164)
	at com.kms.katalon.core.main.TestSuiteExecutor.execute(TestSuiteExecutor.java:105)
	at com.kms.katalon.core.main.TestCaseMain.startTestSuite(TestCaseMain.java:185)
	at com.kms.katalon.core.main.TestCaseMain$startTestSuite$0.call(Unknown Source)
	at org.codehaus.groovy.runtime.callsite.CallSiteArray.defaultCall(CallSiteArray.java:47)
	at org.codehaus.groovy.runtime.callsite.AbstractCallSite.call(AbstractCallSite.java:116)
	at org.codehaus.groovy.runtime.callsite.AbstractCallSite.call(AbstractCallSite.java:144)
	at TempTestSuite1643135691764.run(TempTestSuite1643135691764.groovy:36)
	at groovy.lang.GroovyShell.runScriptOrMainOrTestOrRunnable(GroovyShell.java:263)
	at groovy.lang.GroovyShell.run(GroovyShell.java:507)
	at groovy.lang.GroovyShell.run(GroovyShell.java:496)
	at groovy.ui.GroovyMain.processOnce(GroovyMain.java:597)
	at groovy.ui.GroovyMain.run(GroovyMain.java:329)
	at groovy.ui.GroovyMain.process(GroovyMain.java:315)
	at groovy.ui.GroovyMain.processArgs(GroovyMain.java:134)
	at groovy.ui.GroovyMain.main(GroovyMain.java:114)
	at sun.reflect.NativeMethodAccessorImpl.invoke0(Native Method)
	at sun.reflect.NativeMethodAccessorImpl.invoke(NativeMethodAccessorImpl.java:62)
	at sun.reflect.DelegatingMethodAccessorImpl.invoke(DelegatingMethodAccessorImpl.java:43)
	at java.lang.reflect.Method.invoke(Method.java:498)
	at org.codehaus.groovy.tools.GroovyStarter.rootLoader(GroovyStarter.java:116)
	at org.codehaus.groovy.tools.GroovyStarter.main(GroovyStarter.java:138)
Caused by: org.codehaus.groovy.syntax.SyntaxException: Operator (&quot;!==&quot; at 54:16:  &quot;!==&quot; ) not supported @ line 54, column 16.
	at org.codehaus.groovy.classgen.asm.BinaryExpressionHelper.eval(BinaryExpressionHelper.java:301)
	... 63 more

1 error

	at com.kms.katalon.core.main.ScriptEngine.getScript(ScriptEngine.java:199)
	at com.kms.katalon.core.main.ScriptEngine.run(ScriptEngine.java:194)
	at com.kms.katalon.core.main.ScriptEngine.runScriptAsRawText(ScriptEngine.java:119)
	at com.kms.katalon.core.main.TestCaseExecutor.runScript(TestCaseExecutor.java:442)
	at com.kms.katalon.core.main.TestCaseExecutor.doExecute(TestCaseExecutor.java:433)
	at com.kms.katalon.core.main.TestCaseExecutor.processExecutionPhase(TestCaseExecutor.java:412)
	at com.kms.katalon.core.main.TestCaseExecutor.accessMainPhase(TestCaseExecutor.java:404)
	at com.kms.katalon.core.main.TestCaseExecutor.execute(TestCaseExecutor.java:281)
	at com.kms.katalon.core.main.TestSuiteExecutor.accessTestCaseMainPhase(TestSuiteExecutor.java:202)
	at com.kms.katalon.core.main.TestSuiteExecutor.accessTestSuiteMainPhase(TestSuiteExecutor.java:164)
	at com.kms.katalon.core.main.TestSuiteExecutor.execute(TestSuiteExecutor.java:105)
	at com.kms.katalon.core.main.TestCaseMain.startTestSuite(TestCaseMain.java:185)
	at com.kms.katalon.core.main.TestCaseMain$startTestSuite$0.call(Unknown Source)
	at TempTestSuite1643135691764.run(TempTestSuite1643135691764.groovy:36)
"/>
         <system-out><![CDATA[2022-01-25 15:34:56 - [TEST_CASE][ERROR] - Test Cases/TC26- Validacao cpf cliente: Test Cases/TC26- Validacao cpf cliente FAILED.
Reason:
org.codehaus.groovy.control.MultipleCompilationErrorsException: startup failed:
General error during class generation: null. file:/C:/Users/Administrator/git/Site-SFA/Scripts/TC26-%20Validacao%20cpf%20cliente/Script1643133493316.groovy

groovy.lang.GroovyRuntimeException: null. file:/C:/Users/Administrator/git/Site-SFA/Scripts/TC26-%20Validacao%20cpf%20cliente/Script1643133493316.groovy
	at org.codehaus.groovy.classgen.asm.BinaryExpressionHelper.eval(BinaryExpressionHelper.java:302)
	at org.codehaus.groovy.classgen.AsmClassGenerator.visitBinaryExpression(AsmClassGenerator.java:685)
	at org.codehaus.groovy.ast.expr.BinaryExpression.visit(BinaryExpression.java:51)
	at org.codehaus.groovy.classgen.asm.BinaryExpressionHelper.evaluateLogicalOrExpression(BinaryExpressionHelper.java:548)
	at org.codehaus.groovy.classgen.asm.BinaryExpressionHelper.eval(BinaryExpressionHelper.java:165)
	at org.codehaus.groovy.classgen.AsmClassGenerator.visitBinaryExpression(AsmClassGenerator.java:685)
	at org.codehaus.groovy.ast.expr.BinaryExpression.visit(BinaryExpression.java:51)
	at org.codehaus.groovy.classgen.AsmClassGenerator.visitBooleanExpression(AsmClassGenerator.java:807)
	at org.codehaus.groovy.ast.expr.BooleanExpression.visit(BooleanExpression.java:42)
	at org.codehaus.groovy.classgen.asm.StatementWriter.writeIfElse(StatementWriter.java:299)
	at org.codehaus.groovy.classgen.asm.OptimizingStatementWriter.writeIfElse(OptimizingStatementWriter.java:323)
	at org.codehaus.groovy.classgen.AsmClassGenerator.visitIfElse(AsmClassGenerator.java:629)
	at org.codehaus.groovy.ast.stmt.IfStatement.visit(IfStatement.java:43)
	at org.codehaus.groovy.classgen.asm.StatementWriter.writeBlockStatement(StatementWriter.java:93)
	at org.codehaus.groovy.classgen.asm.OptimizingStatementWriter.writeBlockStatement(OptimizingStatementWriter.java:205)
	at org.codehaus.groovy.classgen.AsmClassGenerator.visitBlockStatement(AsmClassGenerator.java:613)
	at org.codehaus.groovy.ast.stmt.BlockStatement.visit(BlockStatement.java:71)
	at org.codehaus.groovy.ast.ClassCodeVisitorSupport.visitClassCodeContainer(ClassCodeVisitorSupport.java:104)
	at org.codehaus.groovy.ast.ClassCodeVisitorSupport.visitConstructorOrMethod(ClassCodeVisitorSupport.java:115)
	at org.codehaus.groovy.classgen.AsmClassGenerator.visitStdMethod(AsmClassGenerator.java:477)
	at org.codehaus.groovy.classgen.AsmClassGenerator.visitConstructorOrMethod(AsmClassGenerator.java:413)
	at org.codehaus.groovy.ast.ClassCodeVisitorSupport.visitMethod(ClassCodeVisitorSupport.java:126)
	at org.codehaus.groovy.classgen.AsmClassGenerator.visitMethod(AsmClassGenerator.java:554)
	at org.codehaus.groovy.ast.ClassNode.visitContents(ClassNode.java:1081)
	at org.codehaus.groovy.ast.ClassCodeVisitorSupport.visitClass(ClassCodeVisitorSupport.java:53)
	at org.codehaus.groovy.classgen.AsmClassGenerator.visitClass(AsmClassGenerator.java:259)
	at org.codehaus.groovy.control.CompilationUnit$17.call(CompilationUnit.java:848)
	at org.codehaus.groovy.control.CompilationUnit.applyToPrimaryClassNodes(CompilationUnit.java:1087)
	at org.codehaus.groovy.control.CompilationUnit.doPhaseOperation(CompilationUnit.java:624)
	at org.codehaus.groovy.control.CompilationUnit.processPhaseOperations(CompilationUnit.java:602)
	at org.codehaus.groovy.control.CompilationUnit.compile(CompilationUnit.java:579)
	at groovy.lang.GroovyClassLoader.doParseClass(GroovyClassLoader.java:323)
	at groovy.lang.GroovyClassLoader.parseClass(GroovyClassLoader.java:293)
	at com.kms.katalon.core.main.ScriptEngine.getScript(ScriptEngine.java:199)
	at com.kms.katalon.core.main.ScriptEngine.run(ScriptEngine.java:194)
	at com.kms.katalon.core.main.ScriptEngine.runScriptAsRawText(ScriptEngine.java:119)
	at com.kms.katalon.core.main.TestCaseExecutor.runScript(TestCaseExecutor.java:442)
	at com.kms.katalon.core.main.TestCaseExecutor.doExecute(TestCaseExecutor.java:433)
	at com.kms.katalon.core.main.TestCaseExecutor.processExecutionPhase(TestCaseExecutor.java:412)
	at com.kms.katalon.core.main.TestCaseExecutor.accessMainPhase(TestCaseExecutor.java:404)
	at com.kms.katalon.core.main.TestCaseExecutor.execute(TestCaseExecutor.java:281)
	at com.kms.katalon.core.main.TestSuiteExecutor.accessTestCaseMainPhase(TestSuiteExecutor.java:202)
	at com.kms.katalon.core.main.TestSuiteExecutor.accessTestSuiteMainPhase(TestSuiteExecutor.java:164)
	at com.kms.katalon.core.main.TestSuiteExecutor.execute(TestSuiteExecutor.java:105)
	at com.kms.katalon.core.main.TestCaseMain.startTestSuite(TestCaseMain.java:185)
	at com.kms.katalon.core.main.TestCaseMain$startTestSuite$0.call(Unknown Source)
	at org.codehaus.groovy.runtime.callsite.CallSiteArray.defaultCall(CallSiteArray.java:47)
	at org.codehaus.groovy.runtime.callsite.AbstractCallSite.call(AbstractCallSite.java:116)
	at org.codehaus.groovy.runtime.callsite.AbstractCallSite.call(AbstractCallSite.java:144)
	at TempTestSuite1643135691764.run(TempTestSuite1643135691764.groovy:36)
	at groovy.lang.GroovyShell.runScriptOrMainOrTestOrRunnable(GroovyShell.java:263)
	at groovy.lang.GroovyShell.run(GroovyShell.java:507)
	at groovy.lang.GroovyShell.run(GroovyShell.java:496)
	at groovy.ui.GroovyMain.processOnce(GroovyMain.java:597)
	at groovy.ui.GroovyMain.run(GroovyMain.java:329)
	at groovy.ui.GroovyMain.process(GroovyMain.java:315)
	at groovy.ui.GroovyMain.processArgs(GroovyMain.java:134)
	at groovy.ui.GroovyMain.main(GroovyMain.java:114)
	at sun.reflect.NativeMethodAccessorImpl.invoke0(Native Method)
	at sun.reflect.NativeMethodAccessorImpl.invoke(NativeMethodAccessorImpl.java:62)
	at sun.reflect.DelegatingMethodAccessorImpl.invoke(DelegatingMethodAccessorImpl.java:43)
	at java.lang.reflect.Method.invoke(Method.java:498)
	at org.codehaus.groovy.tools.GroovyStarter.rootLoader(GroovyStarter.java:116)
	at org.codehaus.groovy.tools.GroovyStarter.main(GroovyStarter.java:138)
Caused by: org.codehaus.groovy.syntax.SyntaxException: Operator ("!==" at 54:16:  "!==" ) not supported @ line 54, column 16.
	at org.codehaus.groovy.classgen.asm.BinaryExpressionHelper.eval(BinaryExpressionHelper.java:301)
	... 63 more

1 error

	at com.kms.katalon.core.main.ScriptEngine.getScript(ScriptEngine.java:199)
	at com.kms.katalon.core.main.ScriptEngine.run(ScriptEngine.java:194)
	at com.kms.katalon.core.main.ScriptEngine.runScriptAsRawText(ScriptEngine.java:119)
	at com.kms.katalon.core.main.TestCaseExecutor.runScript(TestCaseExecutor.java:442)
	at com.kms.katalon.core.main.TestCaseExecutor.doExecute(TestCaseExecutor.java:433)
	at com.kms.katalon.core.main.TestCaseExecutor.processExecutionPhase(TestCaseExecutor.java:412)
	at com.kms.katalon.core.main.TestCaseExecutor.accessMainPhase(TestCaseExecutor.java:404)
	at com.kms.katalon.core.main.TestCaseExecutor.execute(TestCaseExecutor.java:281)
	at com.kms.katalon.core.main.TestSuiteExecutor.accessTestCaseMainPhase(TestSuiteExecutor.java:202)
	at com.kms.katalon.core.main.TestSuiteExecutor.accessTestSuiteMainPhase(TestSuiteExecutor.java:164)
	at com.kms.katalon.core.main.TestSuiteExecutor.execute(TestSuiteExecutor.java:105)
	at com.kms.katalon.core.main.TestCaseMain.startTestSuite(TestCaseMain.java:185)
	at com.kms.katalon.core.main.TestCaseMain$startTestSuite$0.call(Unknown Source)
	at TempTestSuite1643135691764.run(TempTestSuite1643135691764.groovy:36)]]></system-out>
         <system-err><![CDATA[2022-01-25 15:34:56 - [TEST_CASE][ERROR] - Test Cases/TC26- Validacao cpf cliente: Test Cases/TC26- Validacao cpf cliente FAILED.
Reason:
org.codehaus.groovy.control.MultipleCompilationErrorsException: startup failed:
General error during class generation: null. file:/C:/Users/Administrator/git/Site-SFA/Scripts/TC26-%20Validacao%20cpf%20cliente/Script1643133493316.groovy

groovy.lang.GroovyRuntimeException: null. file:/C:/Users/Administrator/git/Site-SFA/Scripts/TC26-%20Validacao%20cpf%20cliente/Script1643133493316.groovy
	at org.codehaus.groovy.classgen.asm.BinaryExpressionHelper.eval(BinaryExpressionHelper.java:302)
	at org.codehaus.groovy.classgen.AsmClassGenerator.visitBinaryExpression(AsmClassGenerator.java:685)
	at org.codehaus.groovy.ast.expr.BinaryExpression.visit(BinaryExpression.java:51)
	at org.codehaus.groovy.classgen.asm.BinaryExpressionHelper.evaluateLogicalOrExpression(BinaryExpressionHelper.java:548)
	at org.codehaus.groovy.classgen.asm.BinaryExpressionHelper.eval(BinaryExpressionHelper.java:165)
	at org.codehaus.groovy.classgen.AsmClassGenerator.visitBinaryExpression(AsmClassGenerator.java:685)
	at org.codehaus.groovy.ast.expr.BinaryExpression.visit(BinaryExpression.java:51)
	at org.codehaus.groovy.classgen.AsmClassGenerator.visitBooleanExpression(AsmClassGenerator.java:807)
	at org.codehaus.groovy.ast.expr.BooleanExpression.visit(BooleanExpression.java:42)
	at org.codehaus.groovy.classgen.asm.StatementWriter.writeIfElse(StatementWriter.java:299)
	at org.codehaus.groovy.classgen.asm.OptimizingStatementWriter.writeIfElse(OptimizingStatementWriter.java:323)
	at org.codehaus.groovy.classgen.AsmClassGenerator.visitIfElse(AsmClassGenerator.java:629)
	at org.codehaus.groovy.ast.stmt.IfStatement.visit(IfStatement.java:43)
	at org.codehaus.groovy.classgen.asm.StatementWriter.writeBlockStatement(StatementWriter.java:93)
	at org.codehaus.groovy.classgen.asm.OptimizingStatementWriter.writeBlockStatement(OptimizingStatementWriter.java:205)
	at org.codehaus.groovy.classgen.AsmClassGenerator.visitBlockStatement(AsmClassGenerator.java:613)
	at org.codehaus.groovy.ast.stmt.BlockStatement.visit(BlockStatement.java:71)
	at org.codehaus.groovy.ast.ClassCodeVisitorSupport.visitClassCodeContainer(ClassCodeVisitorSupport.java:104)
	at org.codehaus.groovy.ast.ClassCodeVisitorSupport.visitConstructorOrMethod(ClassCodeVisitorSupport.java:115)
	at org.codehaus.groovy.classgen.AsmClassGenerator.visitStdMethod(AsmClassGenerator.java:477)
	at org.codehaus.groovy.classgen.AsmClassGenerator.visitConstructorOrMethod(AsmClassGenerator.java:413)
	at org.codehaus.groovy.ast.ClassCodeVisitorSupport.visitMethod(ClassCodeVisitorSupport.java:126)
	at org.codehaus.groovy.classgen.AsmClassGenerator.visitMethod(AsmClassGenerator.java:554)
	at org.codehaus.groovy.ast.ClassNode.visitContents(ClassNode.java:1081)
	at org.codehaus.groovy.ast.ClassCodeVisitorSupport.visitClass(ClassCodeVisitorSupport.java:53)
	at org.codehaus.groovy.classgen.AsmClassGenerator.visitClass(AsmClassGenerator.java:259)
	at org.codehaus.groovy.control.CompilationUnit$17.call(CompilationUnit.java:848)
	at org.codehaus.groovy.control.CompilationUnit.applyToPrimaryClassNodes(CompilationUnit.java:1087)
	at org.codehaus.groovy.control.CompilationUnit.doPhaseOperation(CompilationUnit.java:624)
	at org.codehaus.groovy.control.CompilationUnit.processPhaseOperations(CompilationUnit.java:602)
	at org.codehaus.groovy.control.CompilationUnit.compile(CompilationUnit.java:579)
	at groovy.lang.GroovyClassLoader.doParseClass(GroovyClassLoader.java:323)
	at groovy.lang.GroovyClassLoader.parseClass(GroovyClassLoader.java:293)
	at com.kms.katalon.core.main.ScriptEngine.getScript(ScriptEngine.java:199)
	at com.kms.katalon.core.main.ScriptEngine.run(ScriptEngine.java:194)
	at com.kms.katalon.core.main.ScriptEngine.runScriptAsRawText(ScriptEngine.java:119)
	at com.kms.katalon.core.main.TestCaseExecutor.runScript(TestCaseExecutor.java:442)
	at com.kms.katalon.core.main.TestCaseExecutor.doExecute(TestCaseExecutor.java:433)
	at com.kms.katalon.core.main.TestCaseExecutor.processExecutionPhase(TestCaseExecutor.java:412)
	at com.kms.katalon.core.main.TestCaseExecutor.accessMainPhase(TestCaseExecutor.java:404)
	at com.kms.katalon.core.main.TestCaseExecutor.execute(TestCaseExecutor.java:281)
	at com.kms.katalon.core.main.TestSuiteExecutor.accessTestCaseMainPhase(TestSuiteExecutor.java:202)
	at com.kms.katalon.core.main.TestSuiteExecutor.accessTestSuiteMainPhase(TestSuiteExecutor.java:164)
	at com.kms.katalon.core.main.TestSuiteExecutor.execute(TestSuiteExecutor.java:105)
	at com.kms.katalon.core.main.TestCaseMain.startTestSuite(TestCaseMain.java:185)
	at com.kms.katalon.core.main.TestCaseMain$startTestSuite$0.call(Unknown Source)
	at org.codehaus.groovy.runtime.callsite.CallSiteArray.defaultCall(CallSiteArray.java:47)
	at org.codehaus.groovy.runtime.callsite.AbstractCallSite.call(AbstractCallSite.java:116)
	at org.codehaus.groovy.runtime.callsite.AbstractCallSite.call(AbstractCallSite.java:144)
	at TempTestSuite1643135691764.run(TempTestSuite1643135691764.groovy:36)
	at groovy.lang.GroovyShell.runScriptOrMainOrTestOrRunnable(GroovyShell.java:263)
	at groovy.lang.GroovyShell.run(GroovyShell.java:507)
	at groovy.lang.GroovyShell.run(GroovyShell.java:496)
	at groovy.ui.GroovyMain.processOnce(GroovyMain.java:597)
	at groovy.ui.GroovyMain.run(GroovyMain.java:329)
	at groovy.ui.GroovyMain.process(GroovyMain.java:315)
	at groovy.ui.GroovyMain.processArgs(GroovyMain.java:134)
	at groovy.ui.GroovyMain.main(GroovyMain.java:114)
	at sun.reflect.NativeMethodAccessorImpl.invoke0(Native Method)
	at sun.reflect.NativeMethodAccessorImpl.invoke(NativeMethodAccessorImpl.java:62)
	at sun.reflect.DelegatingMethodAccessorImpl.invoke(DelegatingMethodAccessorImpl.java:43)
	at java.lang.reflect.Method.invoke(Method.java:498)
	at org.codehaus.groovy.tools.GroovyStarter.rootLoader(GroovyStarter.java:116)
	at org.codehaus.groovy.tools.GroovyStarter.main(GroovyStarter.java:138)
Caused by: org.codehaus.groovy.syntax.SyntaxException: Operator ("!==" at 54:16:  "!==" ) not supported @ line 54, column 16.
	at org.codehaus.groovy.classgen.asm.BinaryExpressionHelper.eval(BinaryExpressionHelper.java:301)
	... 63 more

1 error

	at com.kms.katalon.core.main.ScriptEngine.getScript(ScriptEngine.java:199)
	at com.kms.katalon.core.main.ScriptEngine.run(ScriptEngine.java:194)
	at com.kms.katalon.core.main.ScriptEngine.runScriptAsRawText(ScriptEngine.java:119)
	at com.kms.katalon.core.main.TestCaseExecutor.runScript(TestCaseExecutor.java:442)
	at com.kms.katalon.core.main.TestCaseExecutor.doExecute(TestCaseExecutor.java:433)
	at com.kms.katalon.core.main.TestCaseExecutor.processExecutionPhase(TestCaseExecutor.java:412)
	at com.kms.katalon.core.main.TestCaseExecutor.accessMainPhase(TestCaseExecutor.java:404)
	at com.kms.katalon.core.main.TestCaseExecutor.execute(TestCaseExecutor.java:281)
	at com.kms.katalon.core.main.TestSuiteExecutor.accessTestCaseMainPhase(TestSuiteExecutor.java:202)
	at com.kms.katalon.core.main.TestSuiteExecutor.accessTestSuiteMainPhase(TestSuiteExecutor.java:164)
	at com.kms.katalon.core.main.TestSuiteExecutor.execute(TestSuiteExecutor.java:105)
	at com.kms.katalon.core.main.TestCaseMain.startTestSuite(TestCaseMain.java:185)
	at com.kms.katalon.core.main.TestCaseMain$startTestSuite$0.call(Unknown Source)
	at TempTestSuite1643135691764.run(TempTestSuite1643135691764.groovy:36)]]></system-err>
      </testcase>
      <system-out><![CDATA[2022-01-25 15:34:54 - [TEST_SUITE][ERROR] - cpf: Test Cases/TC26- Validacao cpf cliente FAILED.
Reason:
org.codehaus.groovy.control.MultipleCompilationErrorsException: startup failed:
General error during class generation: null. file:/C:/Users/Administrator/git/Site-SFA/Scripts/TC26-%20Validacao%20cpf%20cliente/Script1643133493316.groovy

groovy.lang.GroovyRuntimeException: null. file:/C:/Users/Administrator/git/Site-SFA/Scripts/TC26-%20Validacao%20cpf%20cliente/Script1643133493316.groovy
	at org.codehaus.groovy.classgen.asm.BinaryExpressionHelper.eval(BinaryExpressionHelper.java:302)
	at org.codehaus.groovy.classgen.AsmClassGenerator.visitBinaryExpression(AsmClassGenerator.java:685)
	at org.codehaus.groovy.ast.expr.BinaryExpression.visit(BinaryExpression.java:51)
	at org.codehaus.groovy.classgen.asm.BinaryExpressionHelper.evaluateLogicalOrExpression(BinaryExpressionHelper.java:548)
	at org.codehaus.groovy.classgen.asm.BinaryExpressionHelper.eval(BinaryExpressionHelper.java:165)
	at org.codehaus.groovy.classgen.AsmClassGenerator.visitBinaryExpression(AsmClassGenerator.java:685)
	at org.codehaus.groovy.ast.expr.BinaryExpression.visit(BinaryExpression.java:51)
	at org.codehaus.groovy.classgen.AsmClassGenerator.visitBooleanExpression(AsmClassGenerator.java:807)
	at org.codehaus.groovy.ast.expr.BooleanExpression.visit(BooleanExpression.java:42)
	at org.codehaus.groovy.classgen.asm.StatementWriter.writeIfElse(StatementWriter.java:299)
	at org.codehaus.groovy.classgen.asm.OptimizingStatementWriter.writeIfElse(OptimizingStatementWriter.java:323)
	at org.codehaus.groovy.classgen.AsmClassGenerator.visitIfElse(AsmClassGenerator.java:629)
	at org.codehaus.groovy.ast.stmt.IfStatement.visit(IfStatement.java:43)
	at org.codehaus.groovy.classgen.asm.StatementWriter.writeBlockStatement(StatementWriter.java:93)
	at org.codehaus.groovy.classgen.asm.OptimizingStatementWriter.writeBlockStatement(OptimizingStatementWriter.java:205)
	at org.codehaus.groovy.classgen.AsmClassGenerator.visitBlockStatement(AsmClassGenerator.java:613)
	at org.codehaus.groovy.ast.stmt.BlockStatement.visit(BlockStatement.java:71)
	at org.codehaus.groovy.ast.ClassCodeVisitorSupport.visitClassCodeContainer(ClassCodeVisitorSupport.java:104)
	at org.codehaus.groovy.ast.ClassCodeVisitorSupport.visitConstructorOrMethod(ClassCodeVisitorSupport.java:115)
	at org.codehaus.groovy.classgen.AsmClassGenerator.visitStdMethod(AsmClassGenerator.java:477)
	at org.codehaus.groovy.classgen.AsmClassGenerator.visitConstructorOrMethod(AsmClassGenerator.java:413)
	at org.codehaus.groovy.ast.ClassCodeVisitorSupport.visitMethod(ClassCodeVisitorSupport.java:126)
	at org.codehaus.groovy.classgen.AsmClassGenerator.visitMethod(AsmClassGenerator.java:554)
	at org.codehaus.groovy.ast.ClassNode.visitContents(ClassNode.java:1081)
	at org.codehaus.groovy.ast.ClassCodeVisitorSupport.visitClass(ClassCodeVisitorSupport.java:53)
	at org.codehaus.groovy.classgen.AsmClassGenerator.visitClass(AsmClassGenerator.java:259)
	at org.codehaus.groovy.control.CompilationUnit$17.call(CompilationUnit.java:848)
	at org.codehaus.groovy.control.CompilationUnit.applyToPrimaryClassNodes(CompilationUnit.java:1087)
	at org.codehaus.groovy.control.CompilationUnit.doPhaseOperation(CompilationUnit.java:624)
	at org.codehaus.groovy.control.CompilationUnit.processPhaseOperations(CompilationUnit.java:602)
	at org.codehaus.groovy.control.CompilationUnit.compile(CompilationUnit.java:579)
	at groovy.lang.GroovyClassLoader.doParseClass(GroovyClassLoader.java:323)
	at groovy.lang.GroovyClassLoader.parseClass(GroovyClassLoader.java:293)
	at com.kms.katalon.core.main.ScriptEngine.getScript(ScriptEngine.java:199)
	at com.kms.katalon.core.main.ScriptEngine.run(ScriptEngine.java:194)
	at com.kms.katalon.core.main.ScriptEngine.runScriptAsRawText(ScriptEngine.java:119)
	at com.kms.katalon.core.main.TestCaseExecutor.runScript(TestCaseExecutor.java:442)
	at com.kms.katalon.core.main.TestCaseExecutor.doExecute(TestCaseExecutor.java:433)
	at com.kms.katalon.core.main.TestCaseExecutor.processExecutionPhase(TestCaseExecutor.java:412)
	at com.kms.katalon.core.main.TestCaseExecutor.accessMainPhase(TestCaseExecutor.java:404)
	at com.kms.katalon.core.main.TestCaseExecutor.execute(TestCaseExecutor.java:281)
	at com.kms.katalon.core.main.TestSuiteExecutor.accessTestCaseMainPhase(TestSuiteExecutor.java:202)
	at com.kms.katalon.core.main.TestSuiteExecutor.accessTestSuiteMainPhase(TestSuiteExecutor.java:164)
	at com.kms.katalon.core.main.TestSuiteExecutor.execute(TestSuiteExecutor.java:105)
	at com.kms.katalon.core.main.TestCaseMain.startTestSuite(TestCaseMain.java:185)
	at com.kms.katalon.core.main.TestCaseMain$startTestSuite$0.call(Unknown Source)
	at org.codehaus.groovy.runtime.callsite.CallSiteArray.defaultCall(CallSiteArray.java:47)
	at org.codehaus.groovy.runtime.callsite.AbstractCallSite.call(AbstractCallSite.java:116)
	at org.codehaus.groovy.runtime.callsite.AbstractCallSite.call(AbstractCallSite.java:144)
	at TempTestSuite1643135691764.run(TempTestSuite1643135691764.groovy:36)
	at groovy.lang.GroovyShell.runScriptOrMainOrTestOrRunnable(GroovyShell.java:263)
	at groovy.lang.GroovyShell.run(GroovyShell.java:507)
	at groovy.lang.GroovyShell.run(GroovyShell.java:496)
	at groovy.ui.GroovyMain.processOnce(GroovyMain.java:597)
	at groovy.ui.GroovyMain.run(GroovyMain.java:329)
	at groovy.ui.GroovyMain.process(GroovyMain.java:315)
	at groovy.ui.GroovyMain.processArgs(GroovyMain.java:134)
	at groovy.ui.GroovyMain.main(GroovyMain.java:114)
	at sun.reflect.NativeMethodAccessorImpl.invoke0(Native Method)
	at sun.reflect.NativeMethodAccessorImpl.invoke(NativeMethodAccessorImpl.java:62)
	at sun.reflect.DelegatingMethodAccessorImpl.invoke(DelegatingMethodAccessorImpl.java:43)
	at java.lang.reflect.Method.invoke(Method.java:498)
	at org.codehaus.groovy.tools.GroovyStarter.rootLoader(GroovyStarter.java:116)
	at org.codehaus.groovy.tools.GroovyStarter.main(GroovyStarter.java:138)
Caused by: org.codehaus.groovy.syntax.SyntaxException: Operator ("!==" at 54:16:  "!==" ) not supported @ line 54, column 16.
	at org.codehaus.groovy.classgen.asm.BinaryExpressionHelper.eval(BinaryExpressionHelper.java:301)
	... 63 more

1 error

	at com.kms.katalon.core.main.ScriptEngine.getScript(ScriptEngine.java:199)
	at com.kms.katalon.core.main.ScriptEngine.run(ScriptEngine.java:194)
	at com.kms.katalon.core.main.ScriptEngine.runScriptAsRawText(ScriptEngine.java:119)
	at com.kms.katalon.core.main.TestCaseExecutor.runScript(TestCaseExecutor.java:442)
	at com.kms.katalon.core.main.TestCaseExecutor.doExecute(TestCaseExecutor.java:433)
	at com.kms.katalon.core.main.TestCaseExecutor.processExecutionPhase(TestCaseExecutor.java:412)
	at com.kms.katalon.core.main.TestCaseExecutor.accessMainPhase(TestCaseExecutor.java:404)
	at com.kms.katalon.core.main.TestCaseExecutor.execute(TestCaseExecutor.java:281)
	at com.kms.katalon.core.main.TestSuiteExecutor.accessTestCaseMainPhase(TestSuiteExecutor.java:202)
	at com.kms.katalon.core.main.TestSuiteExecutor.accessTestSuiteMainPhase(TestSuiteExecutor.java:164)
	at com.kms.katalon.core.main.TestSuiteExecutor.execute(TestSuiteExecutor.java:105)
	at com.kms.katalon.core.main.TestCaseMain.startTestSuite(TestCaseMain.java:185)
	at com.kms.katalon.core.main.TestCaseMain$startTestSuite$0.call(Unknown Source)
	at TempTestSuite1643135691764.run(TempTestSuite1643135691764.groovy:36)]]></system-out>
      <system-err><![CDATA[2022-01-25 15:34:54 - [TEST_SUITE][ERROR] - cpf: Test Cases/TC26- Validacao cpf cliente FAILED.
Reason:
org.codehaus.groovy.control.MultipleCompilationErrorsException: startup failed:
General error during class generation: null. file:/C:/Users/Administrator/git/Site-SFA/Scripts/TC26-%20Validacao%20cpf%20cliente/Script1643133493316.groovy

groovy.lang.GroovyRuntimeException: null. file:/C:/Users/Administrator/git/Site-SFA/Scripts/TC26-%20Validacao%20cpf%20cliente/Script1643133493316.groovy
	at org.codehaus.groovy.classgen.asm.BinaryExpressionHelper.eval(BinaryExpressionHelper.java:302)
	at org.codehaus.groovy.classgen.AsmClassGenerator.visitBinaryExpression(AsmClassGenerator.java:685)
	at org.codehaus.groovy.ast.expr.BinaryExpression.visit(BinaryExpression.java:51)
	at org.codehaus.groovy.classgen.asm.BinaryExpressionHelper.evaluateLogicalOrExpression(BinaryExpressionHelper.java:548)
	at org.codehaus.groovy.classgen.asm.BinaryExpressionHelper.eval(BinaryExpressionHelper.java:165)
	at org.codehaus.groovy.classgen.AsmClassGenerator.visitBinaryExpression(AsmClassGenerator.java:685)
	at org.codehaus.groovy.ast.expr.BinaryExpression.visit(BinaryExpression.java:51)
	at org.codehaus.groovy.classgen.AsmClassGenerator.visitBooleanExpression(AsmClassGenerator.java:807)
	at org.codehaus.groovy.ast.expr.BooleanExpression.visit(BooleanExpression.java:42)
	at org.codehaus.groovy.classgen.asm.StatementWriter.writeIfElse(StatementWriter.java:299)
	at org.codehaus.groovy.classgen.asm.OptimizingStatementWriter.writeIfElse(OptimizingStatementWriter.java:323)
	at org.codehaus.groovy.classgen.AsmClassGenerator.visitIfElse(AsmClassGenerator.java:629)
	at org.codehaus.groovy.ast.stmt.IfStatement.visit(IfStatement.java:43)
	at org.codehaus.groovy.classgen.asm.StatementWriter.writeBlockStatement(StatementWriter.java:93)
	at org.codehaus.groovy.classgen.asm.OptimizingStatementWriter.writeBlockStatement(OptimizingStatementWriter.java:205)
	at org.codehaus.groovy.classgen.AsmClassGenerator.visitBlockStatement(AsmClassGenerator.java:613)
	at org.codehaus.groovy.ast.stmt.BlockStatement.visit(BlockStatement.java:71)
	at org.codehaus.groovy.ast.ClassCodeVisitorSupport.visitClassCodeContainer(ClassCodeVisitorSupport.java:104)
	at org.codehaus.groovy.ast.ClassCodeVisitorSupport.visitConstructorOrMethod(ClassCodeVisitorSupport.java:115)
	at org.codehaus.groovy.classgen.AsmClassGenerator.visitStdMethod(AsmClassGenerator.java:477)
	at org.codehaus.groovy.classgen.AsmClassGenerator.visitConstructorOrMethod(AsmClassGenerator.java:413)
	at org.codehaus.groovy.ast.ClassCodeVisitorSupport.visitMethod(ClassCodeVisitorSupport.java:126)
	at org.codehaus.groovy.classgen.AsmClassGenerator.visitMethod(AsmClassGenerator.java:554)
	at org.codehaus.groovy.ast.ClassNode.visitContents(ClassNode.java:1081)
	at org.codehaus.groovy.ast.ClassCodeVisitorSupport.visitClass(ClassCodeVisitorSupport.java:53)
	at org.codehaus.groovy.classgen.AsmClassGenerator.visitClass(AsmClassGenerator.java:259)
	at org.codehaus.groovy.control.CompilationUnit$17.call(CompilationUnit.java:848)
	at org.codehaus.groovy.control.CompilationUnit.applyToPrimaryClassNodes(CompilationUnit.java:1087)
	at org.codehaus.groovy.control.CompilationUnit.doPhaseOperation(CompilationUnit.java:624)
	at org.codehaus.groovy.control.CompilationUnit.processPhaseOperations(CompilationUnit.java:602)
	at org.codehaus.groovy.control.CompilationUnit.compile(CompilationUnit.java:579)
	at groovy.lang.GroovyClassLoader.doParseClass(GroovyClassLoader.java:323)
	at groovy.lang.GroovyClassLoader.parseClass(GroovyClassLoader.java:293)
	at com.kms.katalon.core.main.ScriptEngine.getScript(ScriptEngine.java:199)
	at com.kms.katalon.core.main.ScriptEngine.run(ScriptEngine.java:194)
	at com.kms.katalon.core.main.ScriptEngine.runScriptAsRawText(ScriptEngine.java:119)
	at com.kms.katalon.core.main.TestCaseExecutor.runScript(TestCaseExecutor.java:442)
	at com.kms.katalon.core.main.TestCaseExecutor.doExecute(TestCaseExecutor.java:433)
	at com.kms.katalon.core.main.TestCaseExecutor.processExecutionPhase(TestCaseExecutor.java:412)
	at com.kms.katalon.core.main.TestCaseExecutor.accessMainPhase(TestCaseExecutor.java:404)
	at com.kms.katalon.core.main.TestCaseExecutor.execute(TestCaseExecutor.java:281)
	at com.kms.katalon.core.main.TestSuiteExecutor.accessTestCaseMainPhase(TestSuiteExecutor.java:202)
	at com.kms.katalon.core.main.TestSuiteExecutor.accessTestSuiteMainPhase(TestSuiteExecutor.java:164)
	at com.kms.katalon.core.main.TestSuiteExecutor.execute(TestSuiteExecutor.java:105)
	at com.kms.katalon.core.main.TestCaseMain.startTestSuite(TestCaseMain.java:185)
	at com.kms.katalon.core.main.TestCaseMain$startTestSuite$0.call(Unknown Source)
	at org.codehaus.groovy.runtime.callsite.CallSiteArray.defaultCall(CallSiteArray.java:47)
	at org.codehaus.groovy.runtime.callsite.AbstractCallSite.call(AbstractCallSite.java:116)
	at org.codehaus.groovy.runtime.callsite.AbstractCallSite.call(AbstractCallSite.java:144)
	at TempTestSuite1643135691764.run(TempTestSuite1643135691764.groovy:36)
	at groovy.lang.GroovyShell.runScriptOrMainOrTestOrRunnable(GroovyShell.java:263)
	at groovy.lang.GroovyShell.run(GroovyShell.java:507)
	at groovy.lang.GroovyShell.run(GroovyShell.java:496)
	at groovy.ui.GroovyMain.processOnce(GroovyMain.java:597)
	at groovy.ui.GroovyMain.run(GroovyMain.java:329)
	at groovy.ui.GroovyMain.process(GroovyMain.java:315)
	at groovy.ui.GroovyMain.processArgs(GroovyMain.java:134)
	at groovy.ui.GroovyMain.main(GroovyMain.java:114)
	at sun.reflect.NativeMethodAccessorImpl.invoke0(Native Method)
	at sun.reflect.NativeMethodAccessorImpl.invoke(NativeMethodAccessorImpl.java:62)
	at sun.reflect.DelegatingMethodAccessorImpl.invoke(DelegatingMethodAccessorImpl.java:43)
	at java.lang.reflect.Method.invoke(Method.java:498)
	at org.codehaus.groovy.tools.GroovyStarter.rootLoader(GroovyStarter.java:116)
	at org.codehaus.groovy.tools.GroovyStarter.main(GroovyStarter.java:138)
Caused by: org.codehaus.groovy.syntax.SyntaxException: Operator ("!==" at 54:16:  "!==" ) not supported @ line 54, column 16.
	at org.codehaus.groovy.classgen.asm.BinaryExpressionHelper.eval(BinaryExpressionHelper.java:301)
	... 63 more

1 error

	at com.kms.katalon.core.main.ScriptEngine.getScript(ScriptEngine.java:199)
	at com.kms.katalon.core.main.ScriptEngine.run(ScriptEngine.java:194)
	at com.kms.katalon.core.main.ScriptEngine.runScriptAsRawText(ScriptEngine.java:119)
	at com.kms.katalon.core.main.TestCaseExecutor.runScript(TestCaseExecutor.java:442)
	at com.kms.katalon.core.main.TestCaseExecutor.doExecute(TestCaseExecutor.java:433)
	at com.kms.katalon.core.main.TestCaseExecutor.processExecutionPhase(TestCaseExecutor.java:412)
	at com.kms.katalon.core.main.TestCaseExecutor.accessMainPhase(TestCaseExecutor.java:404)
	at com.kms.katalon.core.main.TestCaseExecutor.execute(TestCaseExecutor.java:281)
	at com.kms.katalon.core.main.TestSuiteExecutor.accessTestCaseMainPhase(TestSuiteExecutor.java:202)
	at com.kms.katalon.core.main.TestSuiteExecutor.accessTestSuiteMainPhase(TestSuiteExecutor.java:164)
	at com.kms.katalon.core.main.TestSuiteExecutor.execute(TestSuiteExecutor.java:105)
	at com.kms.katalon.core.main.TestCaseMain.startTestSuite(TestCaseMain.java:185)
	at com.kms.katalon.core.main.TestCaseMain$startTestSuite$0.call(Unknown Source)
	at TempTestSuite1643135691764.run(TempTestSuite1643135691764.groovy:36)]]></system-err>
   </testsuite>
</testsuites>
