<?xml version="1.0" encoding="UTF-8"?>
<testsuites name="Teste login" time="14.855" tests="2" failures="0" errors="0">
   <testsuite name="Teste login" tests="2" failures="0" errors="0" time="14.855" skipped="0" timestamp="2022-01-21 09:29:25" hostname="Administrator - 172.16.2.60" id="Test Suites/Teste login">
      <properties>
         <property name="deviceName" value=""/>
         <property name="devicePlatform" value=""/>
         <property name="logFolder" value="C:\\Users\\Administrator\\git\\Site-SFA\\Reports\\20220121_092922\\Teste login\\20220121_092922"/>
         <property name="logFiles" value="C:\\Users\\Administrator\\git\\Site-SFA\\Reports\\20220121_092922\\Teste login\\20220121_092922\\execution0.log"/>
         <property name="attachments" value="C:\\Users\\Administrator\\git\\Site-SFA\\Reports\\20220121_092922\\Teste login\\20220121_092922\\1642768173367.png, C:\\Users\\Administrator\\git\\Site-SFA\\Reports\\20220121_092922\\Teste login\\20220121_092922\\1642768179432.png"/>
         <property name="hostName" value="Administrator - 172.16.2.60"/>
         <property name="os" value="Windows 10 64bit"/>
         <property name="katalonVersion" value="8.2.0.208"/>
         <property name="browser" value="Chrome 97.0.4692.99"/>
         <property name="hostAddress" value="172.16.2.60"/>
         <property name="sessionId" value="283ab52c250b2788f27f8a4edad9958b"/>
         <property name="seleniumVersion" value="3.141.59"/>
         <property name="proxyInformation" value="ProxyInformation { proxyOption=NO_PROXY, proxyServerType=HTTP, username=, password=********, proxyServerAddress=, proxyServerPort=0, executionList=&quot;&quot;, isApplyToDesiredCapabilities=true }"/>
         <property name="platform" value="Windows 10"/>
      </properties>
      <testcase name="Test Cases/TC01- Login e senha utilizando variavel" time="8.355" classname="Test Cases/TC01- Login e senha utilizando variavel" status="PASSED">
         <system-out><![CDATA[2022-01-21 09:29:25 - [TEST_CASE][PASSED] - Test Cases/TC01- Login e senha utilizando variavel: Test Cases/TC01- Login e senha utilizando variavel

2022-01-21 09:29:26 - [TEST_STEP][PASSED] - openBrowser(""): Browser is opened with url: ''

2022-01-21 09:29:26 - [MESSAGE][INFO] - Starting 'Chrome' driver

2022-01-21 09:29:27 - [MESSAGE][INFO] - Action delay is set to 0 milliseconds

2022-01-21 09:29:29 - [MESSAGE][PASSED] - Browser is opened with url: ''

2022-01-21 09:29:29 - [TEST_STEP][PASSED] - navigateToUrl("http://172.16.1.21:7802/pt/"): Navigate to 'http://172.16.1.21:7802/pt/' successfully

2022-01-21 09:29:30 - [MESSAGE][PASSED] - Navigate to 'http://172.16.1.21:7802/pt/' successfully

2022-01-21 09:29:30 - [TEST_STEP][PASSED] - setText(findTestObject("Object Repository/Page_Dataplace - SFA/Page_Dataplace - SFA/input_Nome de usurio ou endereo de email_email (9)"), username): Text 'raul.mariano@dataplace.com.br' is set on object 'Object Repository/Page_Dataplace - SFA/Page_Dataplace - SFA/input_Nome de usurio ou endereo de email_email (9)'

2022-01-21 09:29:31 - [MESSAGE][PASSED] - Text 'raul.mariano@dataplace.com.br' is set on object 'Object Repository/Page_Dataplace - SFA/Page_Dataplace - SFA/input_Nome de usurio ou endereo de email_email (9)'

2022-01-21 09:29:31 - [TEST_STEP][PASSED] - click(findTestObject("Object Repository/Page_Dataplace - SFA/Page_Dataplace - SFA/div_Senha (1)")): Object: 'Object Repository/Page_Dataplace - SFA/Page_Dataplace - SFA/div_Senha (1)' is clicked on

2022-01-21 09:29:31 - [MESSAGE][PASSED] - Object: 'Object Repository/Page_Dataplace - SFA/Page_Dataplace - SFA/div_Senha (1)' is clicked on

2022-01-21 09:29:31 - [TEST_STEP][PASSED] - setEncryptedText(findTestObject("Object Repository/Page_Dataplace - SFA/Page_Dataplace - SFA/input_Senha_senha (9)"), password): Text ****** has been set on object 'Object Repository/Page_Dataplace - SFA/Page_Dataplace - SFA/input_Senha_senha (9)'

2022-01-21 09:29:32 - [MESSAGE][PASSED] - Text ****** has been set on object 'Object Repository/Page_Dataplace - SFA/Page_Dataplace - SFA/input_Senha_senha (9)'

2022-01-21 09:29:32 - [TEST_STEP][PASSED] - click(findTestObject("Object Repository/Page_Dataplace - SFA/Page_Dataplace - SFA/div_Login (3)")): Object: 'Object Repository/Page_Dataplace - SFA/Page_Dataplace - SFA/div_Login (3)' is clicked on

2022-01-21 09:29:32 - [MESSAGE][PASSED] - Object: 'Object Repository/Page_Dataplace - SFA/Page_Dataplace - SFA/div_Login (3)' is clicked on

2022-01-21 09:29:32 - [TEST_STEP][PASSED] - verifyElementText(findTestObject("Object Repository/Page_Dataplace - SFA/Page_Dataplace SFA/div_Mensagem (2)"), mensagem, OPTIONAL): Actual text 'Mensagem' and expected text 'Usu치rio ou Senha incorretos' of test object 'Object Repository/Page_Dataplace - SFA/Page_Dataplace SFA/div_Mensagem (2)' are NOT matched. (Root cause: com.kms.katalon.core.exception.StepFailedException: Actual text 'Mensagem' and expected text 'Usu치rio ou Senha incorretos' of test object 'Object Repository/Page_Dataplace - SFA/Page_Dataplace SFA/div_Mensagem (2)' are NOT matched.
	at com.kms.katalon.core.webui.keyword.internal.WebUIKeywordMain.stepFailed(WebUIKeywordMain.groovy:64)
	at com.kms.katalon.core.webui.keyword.builtin.VerifyElementTextKeyword$_verifyElementText_closure1.doCall(VerifyElementTextKeyword.groovy:57)
	at com.kms.katalon.core.webui.keyword.builtin.VerifyElementTextKeyword$_verifyElementText_closure1.call(VerifyElementTextKeyword.groovy)
	at com.kms.katalon.core.webui.keyword.internal.WebUIKeywordMain.runKeyword(WebUIKeywordMain.groovy:20)
	at com.kms.katalon.core.webui.keyword.builtin.VerifyElementTextKeyword.verifyElementText(VerifyElementTextKeyword.groovy:72)
	at com.kms.katalon.core.webui.keyword.builtin.VerifyElementTextKeyword.execute(VerifyElementTextKeyword.groovy:40)
	at com.kms.katalon.core.keyword.internal.KeywordExecutor.executeKeywordForPlatform(KeywordExecutor.groovy:74)
	at com.kms.katalon.core.webui.keyword.WebUiBuiltInKeywords.verifyElementText(WebUiBuiltInKeywords.groovy:4733)
	at com.kms.katalon.core.webui.keyword.WebUiBuiltInKeywords$verifyElementText$4.call(Unknown Source)
	at TC01- Login e senha utilizando variavel.run(TC01- Login e senha utilizando variavel:32)
	at com.kms.katalon.core.main.ScriptEngine.run(ScriptEngine.java:194)
	at com.kms.katalon.core.main.ScriptEngine.runScriptAsRawText(ScriptEngine.java:119)
	at com.kms.katalon.core.main.TestCaseExecutor.runScript(TestCaseExecutor.java:442)
	at com.kms.katalon.core.main.TestCaseExecutor.doExecute(TestCaseExecutor.java:433)
	at com.kms.katalon.core.main.TestCaseExecutor.processExecutionPhase(TestCaseExecutor.java:412)
	at com.kms.katalon.core.main.TestCaseExecutor.accessMainPhase(TestCaseExecutor.java:404)
	at com.kms.katalon.core.main.TestCaseExecutor.execute(TestCaseExecutor.java:281)
	at com.kms.katalon.core.main.TestSuiteExecutor.accessTestCaseMainPhase(TestSuiteExecutor.java:202)
	at com.kms.katalon.core.main.TestSuiteExecutor.accessTestSuiteMainPhase(TestSuiteExecutor.java:164)
	at com.kms.katalon.core.main.TestSuiteExecutor.execute(TestSuiteExecutor.java:105)
	at com.kms.katalon.core.main.TestCaseMain.startTestSuite(TestCaseMain.java:181)
	at com.kms.katalon.core.main.TestCaseMain$startTestSuite$0.call(Unknown Source)
	at TempTestSuite1642768162065.run(TempTestSuite1642768162065.groovy:36)
)

2022-01-21 09:29:33 - [MESSAGE][WARNING] - Actual text 'Mensagem' and expected text 'Usu치rio ou Senha incorretos' of test object 'Object Repository/Page_Dataplace - SFA/Page_Dataplace SFA/div_Mensagem (2)' are NOT matched. (Root cause: com.kms.katalon.core.exception.StepFailedException: Actual text 'Mensagem' and expected text 'Usu치rio ou Senha incorretos' of test object 'Object Repository/Page_Dataplace - SFA/Page_Dataplace SFA/div_Mensagem (2)' are NOT matched.
	at com.kms.katalon.core.webui.keyword.internal.WebUIKeywordMain.stepFailed(WebUIKeywordMain.groovy:64)
	at com.kms.katalon.core.webui.keyword.builtin.VerifyElementTextKeyword$_verifyElementText_closure1.doCall(VerifyElementTextKeyword.groovy:57)
	at com.kms.katalon.core.webui.keyword.builtin.VerifyElementTextKeyword$_verifyElementText_closure1.call(VerifyElementTextKeyword.groovy)
	at com.kms.katalon.core.webui.keyword.internal.WebUIKeywordMain.runKeyword(WebUIKeywordMain.groovy:20)
	at com.kms.katalon.core.webui.keyword.builtin.VerifyElementTextKeyword.verifyElementText(VerifyElementTextKeyword.groovy:72)
	at com.kms.katalon.core.webui.keyword.builtin.VerifyElementTextKeyword.execute(VerifyElementTextKeyword.groovy:40)
	at com.kms.katalon.core.keyword.internal.KeywordExecutor.executeKeywordForPlatform(KeywordExecutor.groovy:74)
	at com.kms.katalon.core.webui.keyword.WebUiBuiltInKeywords.verifyElementText(WebUiBuiltInKeywords.groovy:4733)
	at com.kms.katalon.core.webui.keyword.WebUiBuiltInKeywords$verifyElementText$4.call(Unknown Source)
	at TC01- Login e senha utilizando variavel.run(TC01- Login e senha utilizando variavel:32)
	at com.kms.katalon.core.main.ScriptEngine.run(ScriptEngine.java:194)
	at com.kms.katalon.core.main.ScriptEngine.runScriptAsRawText(ScriptEngine.java:119)
	at com.kms.katalon.core.main.TestCaseExecutor.runScript(TestCaseExecutor.java:442)
	at com.kms.katalon.core.main.TestCaseExecutor.doExecute(TestCaseExecutor.java:433)
	at com.kms.katalon.core.main.TestCaseExecutor.processExecutionPhase(TestCaseExecutor.java:412)
	at com.kms.katalon.core.main.TestCaseExecutor.accessMainPhase(TestCaseExecutor.java:404)
	at com.kms.katalon.core.main.TestCaseExecutor.execute(TestCaseExecutor.java:281)
	at com.kms.katalon.core.main.TestSuiteExecutor.accessTestCaseMainPhase(TestSuiteExecutor.java:202)
	at com.kms.katalon.core.main.TestSuiteExecutor.accessTestSuiteMainPhase(TestSuiteExecutor.java:164)
	at com.kms.katalon.core.main.TestSuiteExecutor.execute(TestSuiteExecutor.java:105)
	at com.kms.katalon.core.main.TestCaseMain.startTestSuite(TestCaseMain.java:181)
	at com.kms.katalon.core.main.TestCaseMain$startTestSuite$0.call(Unknown Source)
	at TempTestSuite1642768162065.run(TempTestSuite1642768162065.groovy:36)
)
[[ATTACHMENT|C:\\Users\\Administrator\\git\\Site-SFA\\Reports\\20220121_092922\\Teste login\\20220121_092922\\1642768173367.png]]

2022-01-21 09:29:33 - [TEST_STEP][PASSED] - closeBrowser(): Browser is closed

2022-01-21 09:29:34 - [MESSAGE][PASSED] - Browser is closed]]></system-out>
         <system-err><![CDATA[]]></system-err>
      </testcase>
      <testcase name="Test Cases/TC01- Login e senha utilizando variavel" time="5.939" classname="Test Cases/TC01- Login e senha utilizando variavel" status="PASSED">
         <system-out><![CDATA[2022-01-21 09:29:34 - [TEST_CASE][PASSED] - Test Cases/TC01- Login e senha utilizando variavel: Test Cases/TC01- Login e senha utilizando variavel

2022-01-21 09:29:34 - [TEST_STEP][PASSED] - openBrowser(""): Browser is opened with url: ''

2022-01-21 09:29:34 - [MESSAGE][INFO] - Starting 'Chrome' driver

2022-01-21 09:29:34 - [MESSAGE][INFO] - Action delay is set to 0 milliseconds

2022-01-21 09:29:35 - [MESSAGE][PASSED] - Browser is opened with url: ''

2022-01-21 09:29:35 - [TEST_STEP][PASSED] - navigateToUrl("http://172.16.1.21:7802/pt/"): Navigate to 'http://172.16.1.21:7802/pt/' successfully

2022-01-21 09:29:36 - [MESSAGE][PASSED] - Navigate to 'http://172.16.1.21:7802/pt/' successfully

2022-01-21 09:29:36 - [TEST_STEP][PASSED] - setText(findTestObject("Object Repository/Page_Dataplace - SFA/Page_Dataplace - SFA/input_Nome de usurio ou endereo de email_email (9)"), username): Text 'mayara.moraes@dataplace.com.br' is set on object 'Object Repository/Page_Dataplace - SFA/Page_Dataplace - SFA/input_Nome de usurio ou endereo de email_email (9)'

2022-01-21 09:29:37 - [MESSAGE][PASSED] - Text 'mayara.moraes@dataplace.com.br' is set on object 'Object Repository/Page_Dataplace - SFA/Page_Dataplace - SFA/input_Nome de usurio ou endereo de email_email (9)'

2022-01-21 09:29:37 - [TEST_STEP][PASSED] - click(findTestObject("Object Repository/Page_Dataplace - SFA/Page_Dataplace - SFA/div_Senha (1)")): Object: 'Object Repository/Page_Dataplace - SFA/Page_Dataplace - SFA/div_Senha (1)' is clicked on

2022-01-21 09:29:37 - [MESSAGE][PASSED] - Object: 'Object Repository/Page_Dataplace - SFA/Page_Dataplace - SFA/div_Senha (1)' is clicked on

2022-01-21 09:29:37 - [TEST_STEP][PASSED] - setEncryptedText(findTestObject("Object Repository/Page_Dataplace - SFA/Page_Dataplace - SFA/input_Senha_senha (9)"), password): Text ****** has been set on object 'Object Repository/Page_Dataplace - SFA/Page_Dataplace - SFA/input_Senha_senha (9)'

2022-01-21 09:29:38 - [MESSAGE][PASSED] - Text ****** has been set on object 'Object Repository/Page_Dataplace - SFA/Page_Dataplace - SFA/input_Senha_senha (9)'

2022-01-21 09:29:38 - [TEST_STEP][PASSED] - click(findTestObject("Object Repository/Page_Dataplace - SFA/Page_Dataplace - SFA/div_Login (3)")): Object: 'Object Repository/Page_Dataplace - SFA/Page_Dataplace - SFA/div_Login (3)' is clicked on

2022-01-21 09:29:38 - [MESSAGE][PASSED] - Object: 'Object Repository/Page_Dataplace - SFA/Page_Dataplace - SFA/div_Login (3)' is clicked on

2022-01-21 09:29:38 - [TEST_STEP][PASSED] - verifyElementText(findTestObject("Object Repository/Page_Dataplace - SFA/Page_Dataplace SFA/div_Mensagem (2)"), mensagem, OPTIONAL): Actual text 'Mensagem' and expected text 'Login realizado com suscesso!' of test object 'Object Repository/Page_Dataplace - SFA/Page_Dataplace SFA/div_Mensagem (2)' are NOT matched. (Root cause: com.kms.katalon.core.exception.StepFailedException: Actual text 'Mensagem' and expected text 'Login realizado com suscesso!' of test object 'Object Repository/Page_Dataplace - SFA/Page_Dataplace SFA/div_Mensagem (2)' are NOT matched.
	at com.kms.katalon.core.webui.keyword.internal.WebUIKeywordMain.stepFailed(WebUIKeywordMain.groovy:64)
	at com.kms.katalon.core.webui.keyword.builtin.VerifyElementTextKeyword$_verifyElementText_closure1.doCall(VerifyElementTextKeyword.groovy:57)
	at com.kms.katalon.core.webui.keyword.builtin.VerifyElementTextKeyword$_verifyElementText_closure1.call(VerifyElementTextKeyword.groovy)
	at com.kms.katalon.core.webui.keyword.internal.WebUIKeywordMain.runKeyword(WebUIKeywordMain.groovy:20)
	at com.kms.katalon.core.webui.keyword.builtin.VerifyElementTextKeyword.verifyElementText(VerifyElementTextKeyword.groovy:72)
	at com.kms.katalon.core.webui.keyword.builtin.VerifyElementTextKeyword.execute(VerifyElementTextKeyword.groovy:40)
	at com.kms.katalon.core.keyword.internal.KeywordExecutor.executeKeywordForPlatform(KeywordExecutor.groovy:74)
	at com.kms.katalon.core.webui.keyword.WebUiBuiltInKeywords.verifyElementText(WebUiBuiltInKeywords.groovy:4733)
	at com.kms.katalon.core.webui.keyword.WebUiBuiltInKeywords$verifyElementText$4.call(Unknown Source)
	at TC01- Login e senha utilizando variavel.run(TC01- Login e senha utilizando variavel:32)
	at com.kms.katalon.core.main.ScriptEngine.run(ScriptEngine.java:194)
	at com.kms.katalon.core.main.ScriptEngine.runScriptAsRawText(ScriptEngine.java:119)
	at com.kms.katalon.core.main.TestCaseExecutor.runScript(TestCaseExecutor.java:442)
	at com.kms.katalon.core.main.TestCaseExecutor.doExecute(TestCaseExecutor.java:433)
	at com.kms.katalon.core.main.TestCaseExecutor.processExecutionPhase(TestCaseExecutor.java:412)
	at com.kms.katalon.core.main.TestCaseExecutor.accessMainPhase(TestCaseExecutor.java:404)
	at com.kms.katalon.core.main.TestCaseExecutor.execute(TestCaseExecutor.java:281)
	at com.kms.katalon.core.main.TestSuiteExecutor.accessTestCaseMainPhase(TestSuiteExecutor.java:202)
	at com.kms.katalon.core.main.TestSuiteExecutor.accessTestSuiteMainPhase(TestSuiteExecutor.java:164)
	at com.kms.katalon.core.main.TestSuiteExecutor.execute(TestSuiteExecutor.java:105)
	at com.kms.katalon.core.main.TestCaseMain.startTestSuite(TestCaseMain.java:181)
	at com.kms.katalon.core.main.TestCaseMain$startTestSuite$0.call(Unknown Source)
	at TempTestSuite1642768162065.run(TempTestSuite1642768162065.groovy:36)
)

2022-01-21 09:29:39 - [MESSAGE][WARNING] - Actual text 'Mensagem' and expected text 'Login realizado com suscesso!' of test object 'Object Repository/Page_Dataplace - SFA/Page_Dataplace SFA/div_Mensagem (2)' are NOT matched. (Root cause: com.kms.katalon.core.exception.StepFailedException: Actual text 'Mensagem' and expected text 'Login realizado com suscesso!' of test object 'Object Repository/Page_Dataplace - SFA/Page_Dataplace SFA/div_Mensagem (2)' are NOT matched.
	at com.kms.katalon.core.webui.keyword.internal.WebUIKeywordMain.stepFailed(WebUIKeywordMain.groovy:64)
	at com.kms.katalon.core.webui.keyword.builtin.VerifyElementTextKeyword$_verifyElementText_closure1.doCall(VerifyElementTextKeyword.groovy:57)
	at com.kms.katalon.core.webui.keyword.builtin.VerifyElementTextKeyword$_verifyElementText_closure1.call(VerifyElementTextKeyword.groovy)
	at com.kms.katalon.core.webui.keyword.internal.WebUIKeywordMain.runKeyword(WebUIKeywordMain.groovy:20)
	at com.kms.katalon.core.webui.keyword.builtin.VerifyElementTextKeyword.verifyElementText(VerifyElementTextKeyword.groovy:72)
	at com.kms.katalon.core.webui.keyword.builtin.VerifyElementTextKeyword.execute(VerifyElementTextKeyword.groovy:40)
	at com.kms.katalon.core.keyword.internal.KeywordExecutor.executeKeywordForPlatform(KeywordExecutor.groovy:74)
	at com.kms.katalon.core.webui.keyword.WebUiBuiltInKeywords.verifyElementText(WebUiBuiltInKeywords.groovy:4733)
	at com.kms.katalon.core.webui.keyword.WebUiBuiltInKeywords$verifyElementText$4.call(Unknown Source)
	at TC01- Login e senha utilizando variavel.run(TC01- Login e senha utilizando variavel:32)
	at com.kms.katalon.core.main.ScriptEngine.run(ScriptEngine.java:194)
	at com.kms.katalon.core.main.ScriptEngine.runScriptAsRawText(ScriptEngine.java:119)
	at com.kms.katalon.core.main.TestCaseExecutor.runScript(TestCaseExecutor.java:442)
	at com.kms.katalon.core.main.TestCaseExecutor.doExecute(TestCaseExecutor.java:433)
	at com.kms.katalon.core.main.TestCaseExecutor.processExecutionPhase(TestCaseExecutor.java:412)
	at com.kms.katalon.core.main.TestCaseExecutor.accessMainPhase(TestCaseExecutor.java:404)
	at com.kms.katalon.core.main.TestCaseExecutor.execute(TestCaseExecutor.java:281)
	at com.kms.katalon.core.main.TestSuiteExecutor.accessTestCaseMainPhase(TestSuiteExecutor.java:202)
	at com.kms.katalon.core.main.TestSuiteExecutor.accessTestSuiteMainPhase(TestSuiteExecutor.java:164)
	at com.kms.katalon.core.main.TestSuiteExecutor.execute(TestSuiteExecutor.java:105)
	at com.kms.katalon.core.main.TestCaseMain.startTestSuite(TestCaseMain.java:181)
	at com.kms.katalon.core.main.TestCaseMain$startTestSuite$0.call(Unknown Source)
	at TempTestSuite1642768162065.run(TempTestSuite1642768162065.groovy:36)
)
[[ATTACHMENT|C:\\Users\\Administrator\\git\\Site-SFA\\Reports\\20220121_092922\\Teste login\\20220121_092922\\1642768179432.png]]

2022-01-21 09:29:39 - [TEST_STEP][PASSED] - closeBrowser(): Browser is closed

2022-01-21 09:29:40 - [MESSAGE][PASSED] - Browser is closed]]></system-out>
         <system-err><![CDATA[]]></system-err>
      </testcase>
      <system-out><![CDATA[2022-01-21 09:29:25 - [TEST_SUITE][PASSED] - Teste login: Test Cases/TC01- Login e senha utilizando variavel]]></system-out>
      <system-err><![CDATA[]]></system-err>
   </testsuite>
</testsuites>
